

*******************************************************************************
Tue Jul 10 10:49:53 2018


FIT:    data read from "alt_knots_log_A_13_45_.dat" using 1:3
        format = x:z
        #datapoints = 32
        residuals are weighted equally (unit weight)

function used for fitting: f1(x)
fitted parameters initialized with current variable values



 Iteration 0
 WSSR        : 25198.6           delta(WSSR)/WSSR   : 0
 delta(WSSR) : 0                 limit for stopping : 1e-05
 lambda	  : 21.8689

initial set of free parameter values

a1              = 1
b1              = 1

After 5 iterations the fit converged.
final sum of squares of residuals : 72.1597
rel. change during last iteration : -1.64745e-11

degrees of freedom    (FIT_NDF)                        : 30
rms of residuals      (FIT_STDFIT) = sqrt(WSSR/ndf)    : 1.55091
variance of residuals (reduced chisquare) = WSSR/ndf   : 2.40532

Final set of parameters            Asymptotic Standard Error
=======================            ==========================

a1              = 0.467608         +/- 0.02969      (6.35%)
b1              = -10.8814         +/- 0.9179       (8.435%)


correlation matrix of the fit parameters:

               a1     b1     
a1              1.000 
b1             -0.954  1.000 


*******************************************************************************
Tue Jul 10 10:49:53 2018


FIT:    data read from "alt_knots_log_B_13_45_.dat" using 1:3
        format = x:z
        #datapoints = 32
        residuals are weighted equally (unit weight)

function used for fitting: f2(x)
fitted parameters initialized with current variable values



 Iteration 0
 WSSR        : 23611.5           delta(WSSR)/WSSR   : 0
 delta(WSSR) : 0                 limit for stopping : 1e-05
 lambda	  : 21.8689

initial set of free parameter values

a2              = 1
b2              = 1

After 5 iterations the fit converged.
final sum of squares of residuals : 87.9645
rel. change during last iteration : -1.51032e-11

degrees of freedom    (FIT_NDF)                        : 30
rms of residuals      (FIT_STDFIT) = sqrt(WSSR/ndf)    : 1.71235
variance of residuals (reduced chisquare) = WSSR/ndf   : 2.93215

Final set of parameters            Asymptotic Standard Error
=======================            ==========================

a2              = 0.519024         +/- 0.03278      (6.317%)
b2              = -11.5579         +/- 1.013        (8.768%)


correlation matrix of the fit parameters:

               a2     b2     
a2              1.000 
b2             -0.954  1.000 


*******************************************************************************
Tue Jul 10 10:49:53 2018


FIT:    data read from "alt_knots_log_RND_13_44_.dat"  using 1:3
        format = x:z
        #datapoints = 31
        residuals are weighted equally (unit weight)

function used for fitting: f3(x)
fitted parameters initialized with current variable values



 Iteration 0
 WSSR        : 22004.1           delta(WSSR)/WSSR   : 0
 delta(WSSR) : 0                 limit for stopping : 1e-05
 lambda	  : 21.4709

initial set of free parameter values

a3              = 1
b3              = 1

After 5 iterations the fit converged.
final sum of squares of residuals : 90.8188
rel. change during last iteration : -1.39225e-11

degrees of freedom    (FIT_NDF)                        : 29
rms of residuals      (FIT_STDFIT) = sqrt(WSSR/ndf)    : 1.76966
variance of residuals (reduced chisquare) = WSSR/ndf   : 3.13168

Final set of parameters            Asymptotic Standard Error
=======================            ==========================

a3              = 0.509003         +/- 0.03554      (6.981%)
b3              = -10.9831         +/- 1.078        (9.819%)


correlation matrix of the fit parameters:

               a3     b3     
a3              1.000 
b3             -0.956  1.000 
