\BOOKMARK [0][-]{chapter*.2}{\376\377\000\332\000v\000o\000d}{}% 1
\BOOKMARK [0][-]{chapter.1}{\376\377\000D\000e\000f\000i\000n\000i\000c\000e\000\040\000a\000\040\000v\000l\000a\000s\000t\000n\000o\000s\000t\000i\000\040\000J\000o\000n\000e\000s\000o\000v\000a\000\040\000p\000o\000l\000y\000n\000o\000m\000u}{}% 2
\BOOKMARK [1][-]{section.1.1}{\376\377\000Z\000\341\000k\000l\000a\000d\000n\000\355\000\040\000p\000o\000j\000m\000y}{chapter.1}% 3
\BOOKMARK [1][-]{section.1.2}{\376\377\000D\000e\000f\000i\000n\000i\000c\000e\000\040\000J\000o\000n\000e\000s\000o\000v\000a\000\040\000p\000o\000l\000y\000n\000o\000m\000u}{chapter.1}% 4
\BOOKMARK [1][-]{section.1.3}{\376\377\000Z\000\341\000v\000o\000r\000k\000o\000v\000\375\000\040\000p\000o\000l\000y\000n\000o\000m}{chapter.1}% 5
\BOOKMARK [0][-]{chapter.2}{\376\377\000V\000\375\000p\000o\001\015\000e\000t\000\040\000J\000o\000n\000e\000s\000o\000v\000a\000\040\000p\000o\000l\000y\000n\000o\000m\000u}{}% 6
\BOOKMARK [1][-]{section.2.1}{\376\377\000V\000\375\000p\000o\001\015\000e\000t\000n\000\355\000\040\000s\000l\000o\001\176\000i\000t\000o\000s\000t\000\040\000p\000r\000o\000b\000l\000\351\000m\000u}{chapter.2}% 7
\BOOKMARK [1][-]{section.2.2}{\376\377\000A\000l\000g\000o\000r\000i\000t\000m\000u\000s}{chapter.2}% 8
\BOOKMARK [2][-]{subsection.2.2.1}{\376\377\000P\000D\000\040\000n\000o\000t\000a\000c\000e}{section.2.2}% 9
\BOOKMARK [2][-]{subsection.2.2.2}{\376\377\000V\000\375\000p\000o\001\015\000e\000t\000\040\000J\000o\000n\000e\000s\000o\000v\000a\000\040\000p\000o\000l\000y\000n\000o\000m\000u\000\040\000z\000e\000\040\000z\000\341\000v\000o\000r\000k\000o\000v\000\351\000h\000o\000\040\000p\000o\000l\000y\000n\000o\000m\000u}{section.2.2}% 10
\BOOKMARK [2][-]{subsection.2.2.3}{\376\377\000P\001\131\000\355\000m\000o\001\015\000a\000r\000\375\000\040\000v\000\375\000p\000o\001\015\000e\000t\000\040\000z\000\341\000v\000o\000r\000k\000o\000v\000\351\000h\000o\000\040\000p\000o\000l\000y\000n\000o\000m\000u}{section.2.2}% 11
\BOOKMARK [2][-]{subsection.2.2.4}{\376\377\000P\000r\001\157\000b\001\033\001\176\000n\000\351\000\040\000r\000o\000z\000m\000o\000t\000\341\000v\000\341\000n\000\355}{section.2.2}% 12
\BOOKMARK [2][-]{subsection.2.2.5}{\376\377\000V\000h\000o\000d\000n\000\341\000\040\000v\000o\000l\000b\000a\000\040\000k\001\131\000\355\001\176\000e\000n\000\355}{section.2.2}% 13
\BOOKMARK [2][-]{subsection.2.2.6}{\376\377\000V\000\375\000s\000l\000e\000d\000n\000\375\000\040\000a\000l\000g\000o\000r\000i\000t\000m\000u\000s\000\040\000p\000r\000o\000\040\000v\000\375\000p\000o\001\015\000e\000t\000\040\000z\000\341\000v\000o\000r\000k\000o\000v\000\351\000h\000o\000\040\000p\000o\000l\000y\000n\000o\000m\000u}{section.2.2}% 14
\BOOKMARK [2][-]{subsection.2.2.7}{\376\377\000I\000m\000p\000l\000e\000m\000e\000n\000t\000a\000c\000e\000\040\000a\000l\000g\000o\000r\000i\000t\000m\000u}{section.2.2}% 15
\BOOKMARK [1][-]{section.2.3}{\376\377\000A\000n\000a\000l\000\375\000z\000a\000\040\000s\000l\000o\001\176\000i\000t\000o\000s\000t\000i\000\040\000a\000l\000g\000o\000r\000i\000t\000m\000u}{chapter.2}% 16
\BOOKMARK [2][-]{subsection.2.3.1}{\376\377\000H\000o\000r\000n\000\355\000\040\000o\000d\000h\000a\000d}{section.2.3}% 17
\BOOKMARK [2][-]{subsection.2.3.2}{\376\377\000D\000o\000l\000n\000\355\000\040\000o\000d\000h\000a\000d}{section.2.3}% 18
\BOOKMARK [0][-]{chapter.3}{\376\377\000T\000e\000s\000t\000o\000v\000\341\000n\000\355\000\040\000a\000l\000g\000o\000r\000i\000t\000m\000u\000\040\000n\000a\000\040\000d\000a\000t\000e\000c\000h}{}% 19
\BOOKMARK [1][-]{section.3.1}{\376\377\000M\000a\000l\000\351\000\040\000t\000a\000b\000u\000l\000k\000o\000v\000\351\000\040\000u\000z\000l\000y}{chapter.3}% 20
\BOOKMARK [1][-]{section.3.2}{\376\377\000N\000\341\000h\000o\000d\000n\000\351\000\040\000u\000z\000l\000y\000\040\000a\000\040\000l\000i\000n\000k\000y}{chapter.3}% 21
\BOOKMARK [2][-]{subsection.3.2.1}{\376\377\000G\000e\000n\000e\000r\000o\000v\000\341\000n\000\355\000\040\000n\000\341\000h\000o\000d\000n\000\375\000c\000h\000\040\000l\000i\000n\000k\001\157\000\040\000a\000\040\000u\000z\000l\001\157}{section.3.2}% 22
\BOOKMARK [2][-]{subsection.3.2.2}{\376\377\000T\000e\000s\000t}{section.3.2}% 23
\BOOKMARK [1][-]{section.3.3}{\376\377\000T\000o\000r\000u\000s\000o\000v\000\351\000\040\000u\000z\000l\000y}{chapter.3}% 24
\BOOKMARK [0][-]{chapter*.28}{\376\377\000Z\000\341\000v\001\033\000r}{}% 25
\BOOKMARK [0][-]{chapter*.29}{\376\377\000S\000e\000z\000n\000a\000m\000\040\000p\000o\000u\001\176\000i\000t\000\351\000\040\000l\000i\000t\000e\000r\000a\000t\000u\000r\000y}{}% 26
\BOOKMARK [0][-]{chapter*.30}{\376\377\000S\000e\000z\000n\000a\000m\000\040\000o\000b\000r\000\341\000z\000k\001\157}{}% 27
\BOOKMARK [0][-]{chapter*.31}{\376\377\000S\000e\000z\000n\000a\000m\000\040\000t\000a\000b\000u\000l\000e\000k}{}% 28
\BOOKMARK [0][-]{chapter*.32}{\376\377\000S\000e\000z\000n\000a\000m\000\040\000a\000l\000g\000o\000r\000i\000t\000m\001\157}{}% 29
