

*******************************************************************************
Sun Jul  8 14:59:34 2018


FIT:    data read from "torus_log_A_NE2.dat" every ::18::32 using 1:3
        format = x:z
BREAK:          No data to fit 



*******************************************************************************
Sun Jul  8 15:00:50 2018


FIT:    data read from "torus_log_A_NE2.dat"  using 1:3
        format = x:z
        #datapoints = 19
        residuals are weighted equally (unit weight)

function used for fitting: f1(x)
fitted parameters initialized with current variable values



 Iteration 0
 WSSR        : 11029.3           delta(WSSR)/WSSR   : 0
 delta(WSSR) : 0                 limit for stopping : 1e-05
 lambda	  : 18.1717

initial set of free parameter values

a1              = 1
b1              = 1

After 5 iterations the fit converged.
final sum of squares of residuals : 23.1867
rel. change during last iteration : -3.41311e-11

degrees of freedom    (FIT_NDF)                        : 17
rms of residuals      (FIT_STDFIT) = sqrt(WSSR/ndf)    : 1.16787
variance of residuals (reduced chisquare) = WSSR/ndf   : 1.36392

Final set of parameters            Asymptotic Standard Error
=======================            ==========================

a1              = 0.532594         +/- 0.03186      (5.982%)
b1              = -11.4041         +/- 0.8181       (7.174%)


correlation matrix of the fit parameters:

               a1     b1     
a1              1.000 
b1             -0.945  1.000 


*******************************************************************************
Sun Jul  8 15:00:50 2018


FIT:    data read from "torus_log_B_NE2.dat"  using 1:3
        format = x:z
        #datapoints = 19
        residuals are weighted equally (unit weight)

function used for fitting: f2(x)
fitted parameters initialized with current variable values



 Iteration 0
 WSSR        : 9285.38           delta(WSSR)/WSSR   : 0
 delta(WSSR) : 0                 limit for stopping : 1e-05
 lambda	  : 18.1717

initial set of free parameter values

a2              = 1
b2              = 1

After 5 iterations the fit converged.
final sum of squares of residuals : 53.1091
rel. change during last iteration : -1.65097e-11

degrees of freedom    (FIT_NDF)                        : 17
rms of residuals      (FIT_STDFIT) = sqrt(WSSR/ndf)    : 1.7675
variance of residuals (reduced chisquare) = WSSR/ndf   : 3.12406

Final set of parameters            Asymptotic Standard Error
=======================            ==========================

a2              = 0.638117         +/- 0.04822      (7.556%)
b2              = -12.0518         +/- 1.238        (10.27%)


correlation matrix of the fit parameters:

               a2     b2     
a2              1.000 
b2             -0.945  1.000 


*******************************************************************************
Sun Jul  8 15:00:50 2018


FIT:    data read from "torus_log_R_NE2.dat"  using 1:3
        format = x:z
        #datapoints = 19
        residuals are weighted equally (unit weight)

function used for fitting: f3(x)
fitted parameters initialized with current variable values



 Iteration 0
 WSSR        : 10955.8           delta(WSSR)/WSSR   : 0
 delta(WSSR) : 0                 limit for stopping : 1e-05
 lambda	  : 18.1717

initial set of free parameter values

a3              = 1
b3              = 1

After 5 iterations the fit converged.
final sum of squares of residuals : 15.8381
rel. change during last iteration : -4.84038e-11

degrees of freedom    (FIT_NDF)                        : 17
rms of residuals      (FIT_STDFIT) = sqrt(WSSR/ndf)    : 0.965222
variance of residuals (reduced chisquare) = WSSR/ndf   : 0.931653

Final set of parameters            Asymptotic Standard Error
=======================            ==========================

a3              = 0.527853         +/- 0.02633      (4.988%)
b3              = -11.209          +/- 0.6762       (6.032%)


correlation matrix of the fit parameters:

               a3     b3     
a3              1.000 
b3             -0.945  1.000 


*******************************************************************************
Sun Jul  8 15:01:12 2018


FIT:    data read from "torus_log_A_NE2.dat"  using 1:3
        format = x:z
        #datapoints = 19
        residuals are weighted equally (unit weight)

function used for fitting: f1(x)
fitted parameters initialized with current variable values



 Iteration 0
 WSSR        : 11029.3           delta(WSSR)/WSSR   : 0
 delta(WSSR) : 0                 limit for stopping : 1e-05
 lambda	  : 18.1717

initial set of free parameter values

a1              = 1
b1              = 1

After 5 iterations the fit converged.
final sum of squares of residuals : 23.1867
rel. change during last iteration : -3.41311e-11

degrees of freedom    (FIT_NDF)                        : 17
rms of residuals      (FIT_STDFIT) = sqrt(WSSR/ndf)    : 1.16787
variance of residuals (reduced chisquare) = WSSR/ndf   : 1.36392

Final set of parameters            Asymptotic Standard Error
=======================            ==========================

a1              = 0.532594         +/- 0.03186      (5.982%)
b1              = -11.4041         +/- 0.8181       (7.174%)


correlation matrix of the fit parameters:

               a1     b1     
a1              1.000 
b1             -0.945  1.000 


*******************************************************************************
Sun Jul  8 15:01:12 2018


FIT:    data read from "torus_log_B_NE2.dat"  using 1:3
        format = x:z
        #datapoints = 19
        residuals are weighted equally (unit weight)

function used for fitting: f2(x)
fitted parameters initialized with current variable values



 Iteration 0
 WSSR        : 9285.38           delta(WSSR)/WSSR   : 0
 delta(WSSR) : 0                 limit for stopping : 1e-05
 lambda	  : 18.1717

initial set of free parameter values

a2              = 1
b2              = 1

After 5 iterations the fit converged.
final sum of squares of residuals : 53.1091
rel. change during last iteration : -1.65097e-11

degrees of freedom    (FIT_NDF)                        : 17
rms of residuals      (FIT_STDFIT) = sqrt(WSSR/ndf)    : 1.7675
variance of residuals (reduced chisquare) = WSSR/ndf   : 3.12406

Final set of parameters            Asymptotic Standard Error
=======================            ==========================

a2              = 0.638117         +/- 0.04822      (7.556%)
b2              = -12.0518         +/- 1.238        (10.27%)


correlation matrix of the fit parameters:

               a2     b2     
a2              1.000 
b2             -0.945  1.000 


*******************************************************************************
Sun Jul  8 15:01:12 2018


FIT:    data read from "torus_log_R_NE2.dat"  using 1:3
        format = x:z
        #datapoints = 19
        residuals are weighted equally (unit weight)

function used for fitting: f3(x)
fitted parameters initialized with current variable values



 Iteration 0
 WSSR        : 10955.8           delta(WSSR)/WSSR   : 0
 delta(WSSR) : 0                 limit for stopping : 1e-05
 lambda	  : 18.1717

initial set of free parameter values

a3              = 1
b3              = 1

After 5 iterations the fit converged.
final sum of squares of residuals : 15.8381
rel. change during last iteration : -4.84038e-11

degrees of freedom    (FIT_NDF)                        : 17
rms of residuals      (FIT_STDFIT) = sqrt(WSSR/ndf)    : 0.965222
variance of residuals (reduced chisquare) = WSSR/ndf   : 0.931653

Final set of parameters            Asymptotic Standard Error
=======================            ==========================

a3              = 0.527853         +/- 0.02633      (4.988%)
b3              = -11.209          +/- 0.6762       (6.032%)


correlation matrix of the fit parameters:

               a3     b3     
a3              1.000 
b3             -0.945  1.000 


*******************************************************************************
Sun Jul  8 15:14:15 2018


FIT:    data read from "torus_log_A_NE2.dat"  using 1:3
        format = x:z
        #datapoints = 19
        residuals are weighted equally (unit weight)

function used for fitting: f1(x)
fitted parameters initialized with current variable values



 Iteration 0
 WSSR        : 11029.3           delta(WSSR)/WSSR   : 0
 delta(WSSR) : 0                 limit for stopping : 1e-05
 lambda	  : 18.1717

initial set of free parameter values

a1              = 1
b1              = 1

After 5 iterations the fit converged.
final sum of squares of residuals : 23.1867
rel. change during last iteration : -3.41311e-11

degrees of freedom    (FIT_NDF)                        : 17
rms of residuals      (FIT_STDFIT) = sqrt(WSSR/ndf)    : 1.16787
variance of residuals (reduced chisquare) = WSSR/ndf   : 1.36392

Final set of parameters            Asymptotic Standard Error
=======================            ==========================

a1              = 0.532594         +/- 0.03186      (5.982%)
b1              = -11.4041         +/- 0.8181       (7.174%)


correlation matrix of the fit parameters:

               a1     b1     
a1              1.000 
b1             -0.945  1.000 


*******************************************************************************
Sun Jul  8 15:14:15 2018


FIT:    data read from "torus_log_B_NE2.dat"  using 1:3
        format = x:z
        #datapoints = 19
        residuals are weighted equally (unit weight)

function used for fitting: f2(x)
fitted parameters initialized with current variable values



 Iteration 0
 WSSR        : 9285.38           delta(WSSR)/WSSR   : 0
 delta(WSSR) : 0                 limit for stopping : 1e-05
 lambda	  : 18.1717

initial set of free parameter values

a2              = 1
b2              = 1

After 5 iterations the fit converged.
final sum of squares of residuals : 53.1091
rel. change during last iteration : -1.65097e-11

degrees of freedom    (FIT_NDF)                        : 17
rms of residuals      (FIT_STDFIT) = sqrt(WSSR/ndf)    : 1.7675
variance of residuals (reduced chisquare) = WSSR/ndf   : 3.12406

Final set of parameters            Asymptotic Standard Error
=======================            ==========================

a2              = 0.638117         +/- 0.04822      (7.556%)
b2              = -12.0518         +/- 1.238        (10.27%)


correlation matrix of the fit parameters:

               a2     b2     
a2              1.000 
b2             -0.945  1.000 


*******************************************************************************
Sun Jul  8 15:14:15 2018


FIT:    data read from "torus_log_R_NE2.dat"  using 1:3
        format = x:z
        #datapoints = 19
        residuals are weighted equally (unit weight)

function used for fitting: f3(x)
fitted parameters initialized with current variable values



 Iteration 0
 WSSR        : 10955.8           delta(WSSR)/WSSR   : 0
 delta(WSSR) : 0                 limit for stopping : 1e-05
 lambda	  : 18.1717

initial set of free parameter values

a3              = 1
b3              = 1

After 5 iterations the fit converged.
final sum of squares of residuals : 15.8381
rel. change during last iteration : -4.84038e-11

degrees of freedom    (FIT_NDF)                        : 17
rms of residuals      (FIT_STDFIT) = sqrt(WSSR/ndf)    : 0.965222
variance of residuals (reduced chisquare) = WSSR/ndf   : 0.931653

Final set of parameters            Asymptotic Standard Error
=======================            ==========================

a3              = 0.527853         +/- 0.02633      (4.988%)
b3              = -11.209          +/- 0.6762       (6.032%)


correlation matrix of the fit parameters:

               a3     b3     
a3              1.000 
b3             -0.945  1.000 


*******************************************************************************
Sun Jul  8 15:14:38 2018


FIT:    data read from "torus_log_A_NE2.dat"  using 1:3
        format = x:z
        #datapoints = 19
        residuals are weighted equally (unit weight)

function used for fitting: f1(x)
fitted parameters initialized with current variable values



 Iteration 0
 WSSR        : 11029.3           delta(WSSR)/WSSR   : 0
 delta(WSSR) : 0                 limit for stopping : 1e-05
 lambda	  : 18.1717

initial set of free parameter values

a1              = 1
b1              = 1

After 5 iterations the fit converged.
final sum of squares of residuals : 23.1867
rel. change during last iteration : -3.41311e-11

degrees of freedom    (FIT_NDF)                        : 17
rms of residuals      (FIT_STDFIT) = sqrt(WSSR/ndf)    : 1.16787
variance of residuals (reduced chisquare) = WSSR/ndf   : 1.36392

Final set of parameters            Asymptotic Standard Error
=======================            ==========================

a1              = 0.532594         +/- 0.03186      (5.982%)
b1              = -11.4041         +/- 0.8181       (7.174%)


correlation matrix of the fit parameters:

               a1     b1     
a1              1.000 
b1             -0.945  1.000 


*******************************************************************************
Sun Jul  8 15:14:38 2018


FIT:    data read from "torus_log_B_NE2.dat"  using 1:3
        format = x:z
        #datapoints = 19
        residuals are weighted equally (unit weight)

function used for fitting: f2(x)
fitted parameters initialized with current variable values



 Iteration 0
 WSSR        : 9285.38           delta(WSSR)/WSSR   : 0
 delta(WSSR) : 0                 limit for stopping : 1e-05
 lambda	  : 18.1717

initial set of free parameter values

a2              = 1
b2              = 1

After 5 iterations the fit converged.
final sum of squares of residuals : 53.1091
rel. change during last iteration : -1.65097e-11

degrees of freedom    (FIT_NDF)                        : 17
rms of residuals      (FIT_STDFIT) = sqrt(WSSR/ndf)    : 1.7675
variance of residuals (reduced chisquare) = WSSR/ndf   : 3.12406

Final set of parameters            Asymptotic Standard Error
=======================            ==========================

a2              = 0.638117         +/- 0.04822      (7.556%)
b2              = -12.0518         +/- 1.238        (10.27%)


correlation matrix of the fit parameters:

               a2     b2     
a2              1.000 
b2             -0.945  1.000 


*******************************************************************************
Sun Jul  8 15:14:38 2018


FIT:    data read from "torus_log_R_NE2.dat"  using 1:3
        format = x:z
        #datapoints = 19
        residuals are weighted equally (unit weight)

function used for fitting: f3(x)
fitted parameters initialized with current variable values



 Iteration 0
 WSSR        : 10955.8           delta(WSSR)/WSSR   : 0
 delta(WSSR) : 0                 limit for stopping : 1e-05
 lambda	  : 18.1717

initial set of free parameter values

a3              = 1
b3              = 1

After 5 iterations the fit converged.
final sum of squares of residuals : 15.8381
rel. change during last iteration : -4.84038e-11

degrees of freedom    (FIT_NDF)                        : 17
rms of residuals      (FIT_STDFIT) = sqrt(WSSR/ndf)    : 0.965222
variance of residuals (reduced chisquare) = WSSR/ndf   : 0.931653

Final set of parameters            Asymptotic Standard Error
=======================            ==========================

a3              = 0.527853         +/- 0.02633      (4.988%)
b3              = -11.209          +/- 0.6762       (6.032%)


correlation matrix of the fit parameters:

               a3     b3     
a3              1.000 
b3             -0.945  1.000 


*******************************************************************************
Sun Jul  8 15:15:46 2018


FIT:    data read from "torus_log_A_NE2.dat"  using 1:3
        format = x:z
        #datapoints = 19
        residuals are weighted equally (unit weight)

function used for fitting: f1(x)
fitted parameters initialized with current variable values



 Iteration 0
 WSSR        : 11029.3           delta(WSSR)/WSSR   : 0
 delta(WSSR) : 0                 limit for stopping : 1e-05
 lambda	  : 18.1717

initial set of free parameter values

a1              = 1
b1              = 1

After 5 iterations the fit converged.
final sum of squares of residuals : 23.1867
rel. change during last iteration : -3.41311e-11

degrees of freedom    (FIT_NDF)                        : 17
rms of residuals      (FIT_STDFIT) = sqrt(WSSR/ndf)    : 1.16787
variance of residuals (reduced chisquare) = WSSR/ndf   : 1.36392

Final set of parameters            Asymptotic Standard Error
=======================            ==========================

a1              = 0.532594         +/- 0.03186      (5.982%)
b1              = -11.4041         +/- 0.8181       (7.174%)


correlation matrix of the fit parameters:

               a1     b1     
a1              1.000 
b1             -0.945  1.000 


*******************************************************************************
Sun Jul  8 15:15:46 2018


FIT:    data read from "torus_log_B_NE2.dat"  using 1:3
        format = x:z
        #datapoints = 19
        residuals are weighted equally (unit weight)

function used for fitting: f2(x)
fitted parameters initialized with current variable values



 Iteration 0
 WSSR        : 9285.38           delta(WSSR)/WSSR   : 0
 delta(WSSR) : 0                 limit for stopping : 1e-05
 lambda	  : 18.1717

initial set of free parameter values

a2              = 1
b2              = 1

After 5 iterations the fit converged.
final sum of squares of residuals : 53.1091
rel. change during last iteration : -1.65097e-11

degrees of freedom    (FIT_NDF)                        : 17
rms of residuals      (FIT_STDFIT) = sqrt(WSSR/ndf)    : 1.7675
variance of residuals (reduced chisquare) = WSSR/ndf   : 3.12406

Final set of parameters            Asymptotic Standard Error
=======================            ==========================

a2              = 0.638117         +/- 0.04822      (7.556%)
b2              = -12.0518         +/- 1.238        (10.27%)


correlation matrix of the fit parameters:

               a2     b2     
a2              1.000 
b2             -0.945  1.000 


*******************************************************************************
Sun Jul  8 15:15:46 2018


FIT:    data read from "torus_log_R_NE2.dat"  using 1:3
        format = x:z
        #datapoints = 19
        residuals are weighted equally (unit weight)

function used for fitting: f3(x)
fitted parameters initialized with current variable values



 Iteration 0
 WSSR        : 10955.8           delta(WSSR)/WSSR   : 0
 delta(WSSR) : 0                 limit for stopping : 1e-05
 lambda	  : 18.1717

initial set of free parameter values

a3              = 1
b3              = 1

After 5 iterations the fit converged.
final sum of squares of residuals : 15.8381
rel. change during last iteration : -4.84038e-11

degrees of freedom    (FIT_NDF)                        : 17
rms of residuals      (FIT_STDFIT) = sqrt(WSSR/ndf)    : 0.965222
variance of residuals (reduced chisquare) = WSSR/ndf   : 0.931653

Final set of parameters            Asymptotic Standard Error
=======================            ==========================

a3              = 0.527853         +/- 0.02633      (4.988%)
b3              = -11.209          +/- 0.6762       (6.032%)


correlation matrix of the fit parameters:

               a3     b3     
a3              1.000 
b3             -0.945  1.000 


*******************************************************************************
Sun Jul  8 15:17:43 2018


FIT:    data read from "torus_log_A_NE2.dat"  using 1:3
        format = x:z
        #datapoints = 19
        residuals are weighted equally (unit weight)

function used for fitting: f1(x)
fitted parameters initialized with current variable values



 Iteration 0
 WSSR        : 11029.3           delta(WSSR)/WSSR   : 0
 delta(WSSR) : 0                 limit for stopping : 1e-05
 lambda	  : 18.1717

initial set of free parameter values

a1              = 1
b1              = 1

After 5 iterations the fit converged.
final sum of squares of residuals : 23.1867
rel. change during last iteration : -3.41311e-11

degrees of freedom    (FIT_NDF)                        : 17
rms of residuals      (FIT_STDFIT) = sqrt(WSSR/ndf)    : 1.16787
variance of residuals (reduced chisquare) = WSSR/ndf   : 1.36392

Final set of parameters            Asymptotic Standard Error
=======================            ==========================

a1              = 0.532594         +/- 0.03186      (5.982%)
b1              = -11.4041         +/- 0.8181       (7.174%)


correlation matrix of the fit parameters:

               a1     b1     
a1              1.000 
b1             -0.945  1.000 


*******************************************************************************
Sun Jul  8 15:17:43 2018


FIT:    data read from "torus_log_B_NE2.dat"  using 1:3
        format = x:z
        #datapoints = 19
        residuals are weighted equally (unit weight)

function used for fitting: f2(x)
fitted parameters initialized with current variable values



 Iteration 0
 WSSR        : 9285.38           delta(WSSR)/WSSR   : 0
 delta(WSSR) : 0                 limit for stopping : 1e-05
 lambda	  : 18.1717

initial set of free parameter values

a2              = 1
b2              = 1

After 5 iterations the fit converged.
final sum of squares of residuals : 53.1091
rel. change during last iteration : -1.65097e-11

degrees of freedom    (FIT_NDF)                        : 17
rms of residuals      (FIT_STDFIT) = sqrt(WSSR/ndf)    : 1.7675
variance of residuals (reduced chisquare) = WSSR/ndf   : 3.12406

Final set of parameters            Asymptotic Standard Error
=======================            ==========================

a2              = 0.638117         +/- 0.04822      (7.556%)
b2              = -12.0518         +/- 1.238        (10.27%)


correlation matrix of the fit parameters:

               a2     b2     
a2              1.000 
b2             -0.945  1.000 


*******************************************************************************
Sun Jul  8 15:17:43 2018


FIT:    data read from "torus_log_R_NE2.dat"  using 1:3
        format = x:z
        #datapoints = 19
        residuals are weighted equally (unit weight)

function used for fitting: f3(x)
fitted parameters initialized with current variable values



 Iteration 0
 WSSR        : 10955.8           delta(WSSR)/WSSR   : 0
 delta(WSSR) : 0                 limit for stopping : 1e-05
 lambda	  : 18.1717

initial set of free parameter values

a3              = 1
b3              = 1

After 5 iterations the fit converged.
final sum of squares of residuals : 15.8381
rel. change during last iteration : -4.84038e-11

degrees of freedom    (FIT_NDF)                        : 17
rms of residuals      (FIT_STDFIT) = sqrt(WSSR/ndf)    : 0.965222
variance of residuals (reduced chisquare) = WSSR/ndf   : 0.931653

Final set of parameters            Asymptotic Standard Error
=======================            ==========================

a3              = 0.527853         +/- 0.02633      (4.988%)
b3              = -11.209          +/- 0.6762       (6.032%)


correlation matrix of the fit parameters:

               a3     b3     
a3              1.000 
b3             -0.945  1.000 


*******************************************************************************
Sun Jul  8 15:17:55 2018


FIT:    data read from "torus_log_A_NE2.dat"  using 1:3
        format = x:z
        #datapoints = 19
        residuals are weighted equally (unit weight)

function used for fitting: f1(x)
fitted parameters initialized with current variable values



 Iteration 0
 WSSR        : 11029.3           delta(WSSR)/WSSR   : 0
 delta(WSSR) : 0                 limit for stopping : 1e-05
 lambda	  : 18.1717

initial set of free parameter values

a1              = 1
b1              = 1

After 5 iterations the fit converged.
final sum of squares of residuals : 23.1867
rel. change during last iteration : -3.41311e-11

degrees of freedom    (FIT_NDF)                        : 17
rms of residuals      (FIT_STDFIT) = sqrt(WSSR/ndf)    : 1.16787
variance of residuals (reduced chisquare) = WSSR/ndf   : 1.36392

Final set of parameters            Asymptotic Standard Error
=======================            ==========================

a1              = 0.532594         +/- 0.03186      (5.982%)
b1              = -11.4041         +/- 0.8181       (7.174%)


correlation matrix of the fit parameters:

               a1     b1     
a1              1.000 
b1             -0.945  1.000 


*******************************************************************************
Sun Jul  8 15:17:55 2018


FIT:    data read from "torus_log_B_NE2.dat"  using 1:3
        format = x:z
        #datapoints = 19
        residuals are weighted equally (unit weight)

function used for fitting: f2(x)
fitted parameters initialized with current variable values



 Iteration 0
 WSSR        : 9285.38           delta(WSSR)/WSSR   : 0
 delta(WSSR) : 0                 limit for stopping : 1e-05
 lambda	  : 18.1717

initial set of free parameter values

a2              = 1
b2              = 1

After 5 iterations the fit converged.
final sum of squares of residuals : 53.1091
rel. change during last iteration : -1.65097e-11

degrees of freedom    (FIT_NDF)                        : 17
rms of residuals      (FIT_STDFIT) = sqrt(WSSR/ndf)    : 1.7675
variance of residuals (reduced chisquare) = WSSR/ndf   : 3.12406

Final set of parameters            Asymptotic Standard Error
=======================            ==========================

a2              = 0.638117         +/- 0.04822      (7.556%)
b2              = -12.0518         +/- 1.238        (10.27%)


correlation matrix of the fit parameters:

               a2     b2     
a2              1.000 
b2             -0.945  1.000 


*******************************************************************************
Sun Jul  8 15:17:55 2018


FIT:    data read from "torus_log_R_NE2.dat"  using 1:3
        format = x:z
        #datapoints = 19
        residuals are weighted equally (unit weight)

function used for fitting: f3(x)
fitted parameters initialized with current variable values



 Iteration 0
 WSSR        : 10955.8           delta(WSSR)/WSSR   : 0
 delta(WSSR) : 0                 limit for stopping : 1e-05
 lambda	  : 18.1717

initial set of free parameter values

a3              = 1
b3              = 1

After 5 iterations the fit converged.
final sum of squares of residuals : 15.8381
rel. change during last iteration : -4.84038e-11

degrees of freedom    (FIT_NDF)                        : 17
rms of residuals      (FIT_STDFIT) = sqrt(WSSR/ndf)    : 0.965222
variance of residuals (reduced chisquare) = WSSR/ndf   : 0.931653

Final set of parameters            Asymptotic Standard Error
=======================            ==========================

a3              = 0.527853         +/- 0.02633      (4.988%)
b3              = -11.209          +/- 0.6762       (6.032%)


correlation matrix of the fit parameters:

               a3     b3     
a3              1.000 
b3             -0.945  1.000 


*******************************************************************************
Sun Jul  8 15:18:28 2018


FIT:    data read from "torus_log_A_NE2.dat"  using 1:3
        format = x:z
        #datapoints = 19
        residuals are weighted equally (unit weight)

function used for fitting: f1(x)
fitted parameters initialized with current variable values



 Iteration 0
 WSSR        : 11029.3           delta(WSSR)/WSSR   : 0
 delta(WSSR) : 0                 limit for stopping : 1e-05
 lambda	  : 18.1717

initial set of free parameter values

a1              = 1
b1              = 1

After 5 iterations the fit converged.
final sum of squares of residuals : 23.1867
rel. change during last iteration : -3.41311e-11

degrees of freedom    (FIT_NDF)                        : 17
rms of residuals      (FIT_STDFIT) = sqrt(WSSR/ndf)    : 1.16787
variance of residuals (reduced chisquare) = WSSR/ndf   : 1.36392

Final set of parameters            Asymptotic Standard Error
=======================            ==========================

a1              = 0.532594         +/- 0.03186      (5.982%)
b1              = -11.4041         +/- 0.8181       (7.174%)


correlation matrix of the fit parameters:

               a1     b1     
a1              1.000 
b1             -0.945  1.000 


*******************************************************************************
Sun Jul  8 15:18:28 2018


FIT:    data read from "torus_log_B_NE2.dat"  using 1:3
        format = x:z
        #datapoints = 19
        residuals are weighted equally (unit weight)

function used for fitting: f2(x)
fitted parameters initialized with current variable values



 Iteration 0
 WSSR        : 9285.38           delta(WSSR)/WSSR   : 0
 delta(WSSR) : 0                 limit for stopping : 1e-05
 lambda	  : 18.1717

initial set of free parameter values

a2              = 1
b2              = 1

After 5 iterations the fit converged.
final sum of squares of residuals : 53.1091
rel. change during last iteration : -1.65097e-11

degrees of freedom    (FIT_NDF)                        : 17
rms of residuals      (FIT_STDFIT) = sqrt(WSSR/ndf)    : 1.7675
variance of residuals (reduced chisquare) = WSSR/ndf   : 3.12406

Final set of parameters            Asymptotic Standard Error
=======================            ==========================

a2              = 0.638117         +/- 0.04822      (7.556%)
b2              = -12.0518         +/- 1.238        (10.27%)


correlation matrix of the fit parameters:

               a2     b2     
a2              1.000 
b2             -0.945  1.000 


*******************************************************************************
Sun Jul  8 15:18:28 2018


FIT:    data read from "torus_log_R_NE2.dat"  using 1:3
        format = x:z
        #datapoints = 19
        residuals are weighted equally (unit weight)

function used for fitting: f3(x)
fitted parameters initialized with current variable values



 Iteration 0
 WSSR        : 10955.8           delta(WSSR)/WSSR   : 0
 delta(WSSR) : 0                 limit for stopping : 1e-05
 lambda	  : 18.1717

initial set of free parameter values

a3              = 1
b3              = 1

After 5 iterations the fit converged.
final sum of squares of residuals : 15.8381
rel. change during last iteration : -4.84038e-11

degrees of freedom    (FIT_NDF)                        : 17
rms of residuals      (FIT_STDFIT) = sqrt(WSSR/ndf)    : 0.965222
variance of residuals (reduced chisquare) = WSSR/ndf   : 0.931653

Final set of parameters            Asymptotic Standard Error
=======================            ==========================

a3              = 0.527853         +/- 0.02633      (4.988%)
b3              = -11.209          +/- 0.6762       (6.032%)


correlation matrix of the fit parameters:

               a3     b3     
a3              1.000 
b3             -0.945  1.000 


*******************************************************************************
Sun Jul  8 15:19:14 2018


FIT:    data read from "torus_log_A_NE2.dat"  using 1:3
        format = x:z
        #datapoints = 19
        residuals are weighted equally (unit weight)

function used for fitting: f1(x)
fitted parameters initialized with current variable values



 Iteration 0
 WSSR        : 11029.3           delta(WSSR)/WSSR   : 0
 delta(WSSR) : 0                 limit for stopping : 1e-05
 lambda	  : 18.1717

initial set of free parameter values

a1              = 1
b1              = 1

After 5 iterations the fit converged.
final sum of squares of residuals : 23.1867
rel. change during last iteration : -3.41311e-11

degrees of freedom    (FIT_NDF)                        : 17
rms of residuals      (FIT_STDFIT) = sqrt(WSSR/ndf)    : 1.16787
variance of residuals (reduced chisquare) = WSSR/ndf   : 1.36392

Final set of parameters            Asymptotic Standard Error
=======================            ==========================

a1              = 0.532594         +/- 0.03186      (5.982%)
b1              = -11.4041         +/- 0.8181       (7.174%)


correlation matrix of the fit parameters:

               a1     b1     
a1              1.000 
b1             -0.945  1.000 


*******************************************************************************
Sun Jul  8 15:19:14 2018


FIT:    data read from "torus_log_B_NE2.dat"  using 1:3
        format = x:z
        #datapoints = 19
        residuals are weighted equally (unit weight)

function used for fitting: f2(x)
fitted parameters initialized with current variable values



 Iteration 0
 WSSR        : 9285.38           delta(WSSR)/WSSR   : 0
 delta(WSSR) : 0                 limit for stopping : 1e-05
 lambda	  : 18.1717

initial set of free parameter values

a2              = 1
b2              = 1

After 5 iterations the fit converged.
final sum of squares of residuals : 53.1091
rel. change during last iteration : -1.65097e-11

degrees of freedom    (FIT_NDF)                        : 17
rms of residuals      (FIT_STDFIT) = sqrt(WSSR/ndf)    : 1.7675
variance of residuals (reduced chisquare) = WSSR/ndf   : 3.12406

Final set of parameters            Asymptotic Standard Error
=======================            ==========================

a2              = 0.638117         +/- 0.04822      (7.556%)
b2              = -12.0518         +/- 1.238        (10.27%)


correlation matrix of the fit parameters:

               a2     b2     
a2              1.000 
b2             -0.945  1.000 


*******************************************************************************
Sun Jul  8 15:19:14 2018


FIT:    data read from "torus_log_R_NE2.dat"  using 1:3
        format = x:z
        #datapoints = 19
        residuals are weighted equally (unit weight)

function used for fitting: f3(x)
fitted parameters initialized with current variable values



 Iteration 0
 WSSR        : 10955.8           delta(WSSR)/WSSR   : 0
 delta(WSSR) : 0                 limit for stopping : 1e-05
 lambda	  : 18.1717

initial set of free parameter values

a3              = 1
b3              = 1

After 5 iterations the fit converged.
final sum of squares of residuals : 15.8381
rel. change during last iteration : -4.84038e-11

degrees of freedom    (FIT_NDF)                        : 17
rms of residuals      (FIT_STDFIT) = sqrt(WSSR/ndf)    : 0.965222
variance of residuals (reduced chisquare) = WSSR/ndf   : 0.931653

Final set of parameters            Asymptotic Standard Error
=======================            ==========================

a3              = 0.527853         +/- 0.02633      (4.988%)
b3              = -11.209          +/- 0.6762       (6.032%)


correlation matrix of the fit parameters:

               a3     b3     
a3              1.000 
b3             -0.945  1.000 


*******************************************************************************
Sun Jul  8 15:19:30 2018


FIT:    data read from "torus_log_A_NE2.dat"  using 1:3
        format = x:z
        #datapoints = 19
        residuals are weighted equally (unit weight)

function used for fitting: f1(x)
fitted parameters initialized with current variable values



 Iteration 0
 WSSR        : 11029.3           delta(WSSR)/WSSR   : 0
 delta(WSSR) : 0                 limit for stopping : 1e-05
 lambda	  : 18.1717

initial set of free parameter values

a1              = 1
b1              = 1

After 5 iterations the fit converged.
final sum of squares of residuals : 23.1867
rel. change during last iteration : -3.41311e-11

degrees of freedom    (FIT_NDF)                        : 17
rms of residuals      (FIT_STDFIT) = sqrt(WSSR/ndf)    : 1.16787
variance of residuals (reduced chisquare) = WSSR/ndf   : 1.36392

Final set of parameters            Asymptotic Standard Error
=======================            ==========================

a1              = 0.532594         +/- 0.03186      (5.982%)
b1              = -11.4041         +/- 0.8181       (7.174%)


correlation matrix of the fit parameters:

               a1     b1     
a1              1.000 
b1             -0.945  1.000 


*******************************************************************************
Sun Jul  8 15:19:30 2018


FIT:    data read from "torus_log_B_NE2.dat"  using 1:3
        format = x:z
        #datapoints = 19
        residuals are weighted equally (unit weight)

function used for fitting: f2(x)
fitted parameters initialized with current variable values



 Iteration 0
 WSSR        : 9285.38           delta(WSSR)/WSSR   : 0
 delta(WSSR) : 0                 limit for stopping : 1e-05
 lambda	  : 18.1717

initial set of free parameter values

a2              = 1
b2              = 1

After 5 iterations the fit converged.
final sum of squares of residuals : 53.1091
rel. change during last iteration : -1.65097e-11

degrees of freedom    (FIT_NDF)                        : 17
rms of residuals      (FIT_STDFIT) = sqrt(WSSR/ndf)    : 1.7675
variance of residuals (reduced chisquare) = WSSR/ndf   : 3.12406

Final set of parameters            Asymptotic Standard Error
=======================            ==========================

a2              = 0.638117         +/- 0.04822      (7.556%)
b2              = -12.0518         +/- 1.238        (10.27%)


correlation matrix of the fit parameters:

               a2     b2     
a2              1.000 
b2             -0.945  1.000 


*******************************************************************************
Sun Jul  8 15:19:30 2018


FIT:    data read from "torus_log_R_NE2.dat"  using 1:3
        format = x:z
        #datapoints = 19
        residuals are weighted equally (unit weight)

function used for fitting: f3(x)
fitted parameters initialized with current variable values



 Iteration 0
 WSSR        : 10955.8           delta(WSSR)/WSSR   : 0
 delta(WSSR) : 0                 limit for stopping : 1e-05
 lambda	  : 18.1717

initial set of free parameter values

a3              = 1
b3              = 1

After 5 iterations the fit converged.
final sum of squares of residuals : 15.8381
rel. change during last iteration : -4.84038e-11

degrees of freedom    (FIT_NDF)                        : 17
rms of residuals      (FIT_STDFIT) = sqrt(WSSR/ndf)    : 0.965222
variance of residuals (reduced chisquare) = WSSR/ndf   : 0.931653

Final set of parameters            Asymptotic Standard Error
=======================            ==========================

a3              = 0.527853         +/- 0.02633      (4.988%)
b3              = -11.209          +/- 0.6762       (6.032%)


correlation matrix of the fit parameters:

               a3     b3     
a3              1.000 
b3             -0.945  1.000 


*******************************************************************************
Sun Jul  8 15:20:58 2018


FIT:    data read from "torus_log_A_NE2.dat"  using 1:3
        format = x:z
        #datapoints = 19
        residuals are weighted equally (unit weight)

function used for fitting: f1(x)
fitted parameters initialized with current variable values



 Iteration 0
 WSSR        : 11029.3           delta(WSSR)/WSSR   : 0
 delta(WSSR) : 0                 limit for stopping : 1e-05
 lambda	  : 18.1717

initial set of free parameter values

a1              = 1
b1              = 1

After 5 iterations the fit converged.
final sum of squares of residuals : 23.1867
rel. change during last iteration : -3.41311e-11

degrees of freedom    (FIT_NDF)                        : 17
rms of residuals      (FIT_STDFIT) = sqrt(WSSR/ndf)    : 1.16787
variance of residuals (reduced chisquare) = WSSR/ndf   : 1.36392

Final set of parameters            Asymptotic Standard Error
=======================            ==========================

a1              = 0.532594         +/- 0.03186      (5.982%)
b1              = -11.4041         +/- 0.8181       (7.174%)


correlation matrix of the fit parameters:

               a1     b1     
a1              1.000 
b1             -0.945  1.000 


*******************************************************************************
Sun Jul  8 15:20:58 2018


FIT:    data read from "torus_log_B_NE2.dat"  using 1:3
        format = x:z
        #datapoints = 19
        residuals are weighted equally (unit weight)

function used for fitting: f2(x)
fitted parameters initialized with current variable values



 Iteration 0
 WSSR        : 9285.38           delta(WSSR)/WSSR   : 0
 delta(WSSR) : 0                 limit for stopping : 1e-05
 lambda	  : 18.1717

initial set of free parameter values

a2              = 1
b2              = 1

After 5 iterations the fit converged.
final sum of squares of residuals : 53.1091
rel. change during last iteration : -1.65097e-11

degrees of freedom    (FIT_NDF)                        : 17
rms of residuals      (FIT_STDFIT) = sqrt(WSSR/ndf)    : 1.7675
variance of residuals (reduced chisquare) = WSSR/ndf   : 3.12406

Final set of parameters            Asymptotic Standard Error
=======================            ==========================

a2              = 0.638117         +/- 0.04822      (7.556%)
b2              = -12.0518         +/- 1.238        (10.27%)


correlation matrix of the fit parameters:

               a2     b2     
a2              1.000 
b2             -0.945  1.000 


*******************************************************************************
Sun Jul  8 15:20:58 2018


FIT:    data read from "torus_log_R_NE2.dat"  using 1:3
        format = x:z
        #datapoints = 19
        residuals are weighted equally (unit weight)

function used for fitting: f3(x)
fitted parameters initialized with current variable values



 Iteration 0
 WSSR        : 10955.8           delta(WSSR)/WSSR   : 0
 delta(WSSR) : 0                 limit for stopping : 1e-05
 lambda	  : 18.1717

initial set of free parameter values

a3              = 1
b3              = 1

After 5 iterations the fit converged.
final sum of squares of residuals : 15.8381
rel. change during last iteration : -4.84038e-11

degrees of freedom    (FIT_NDF)                        : 17
rms of residuals      (FIT_STDFIT) = sqrt(WSSR/ndf)    : 0.965222
variance of residuals (reduced chisquare) = WSSR/ndf   : 0.931653

Final set of parameters            Asymptotic Standard Error
=======================            ==========================

a3              = 0.527853         +/- 0.02633      (4.988%)
b3              = -11.209          +/- 0.6762       (6.032%)


correlation matrix of the fit parameters:

               a3     b3     
a3              1.000 
b3             -0.945  1.000 


*******************************************************************************
Sun Jul  8 15:38:13 2018


FIT:    data read from "torus_log_A_NE2.dat"  using 1:3
        format = x:z
        #datapoints = 19
        residuals are weighted equally (unit weight)

function used for fitting: f1(x)
fitted parameters initialized with current variable values



 Iteration 0
 WSSR        : 11029.3           delta(WSSR)/WSSR   : 0
 delta(WSSR) : 0                 limit for stopping : 1e-05
 lambda	  : 18.1717

initial set of free parameter values

a1              = 1
b1              = 1

After 5 iterations the fit converged.
final sum of squares of residuals : 23.1867
rel. change during last iteration : -3.41311e-11

degrees of freedom    (FIT_NDF)                        : 17
rms of residuals      (FIT_STDFIT) = sqrt(WSSR/ndf)    : 1.16787
variance of residuals (reduced chisquare) = WSSR/ndf   : 1.36392

Final set of parameters            Asymptotic Standard Error
=======================            ==========================

a1              = 0.532594         +/- 0.03186      (5.982%)
b1              = -11.4041         +/- 0.8181       (7.174%)


correlation matrix of the fit parameters:

               a1     b1     
a1              1.000 
b1             -0.945  1.000 


*******************************************************************************
Sun Jul  8 15:38:13 2018


FIT:    data read from "torus_log_B_NE2.dat"  using 1:3
        format = x:z
        #datapoints = 19
        residuals are weighted equally (unit weight)

function used for fitting: f2(x)
fitted parameters initialized with current variable values



 Iteration 0
 WSSR        : 9285.38           delta(WSSR)/WSSR   : 0
 delta(WSSR) : 0                 limit for stopping : 1e-05
 lambda	  : 18.1717

initial set of free parameter values

a2              = 1
b2              = 1

After 5 iterations the fit converged.
final sum of squares of residuals : 53.1091
rel. change during last iteration : -1.65097e-11

degrees of freedom    (FIT_NDF)                        : 17
rms of residuals      (FIT_STDFIT) = sqrt(WSSR/ndf)    : 1.7675
variance of residuals (reduced chisquare) = WSSR/ndf   : 3.12406

Final set of parameters            Asymptotic Standard Error
=======================            ==========================

a2              = 0.638117         +/- 0.04822      (7.556%)
b2              = -12.0518         +/- 1.238        (10.27%)


correlation matrix of the fit parameters:

               a2     b2     
a2              1.000 
b2             -0.945  1.000 


*******************************************************************************
Sun Jul  8 15:38:13 2018


FIT:    data read from "torus_log_R_NE2.dat"  using 1:3
        format = x:z
        #datapoints = 19
        residuals are weighted equally (unit weight)

function used for fitting: f3(x)
fitted parameters initialized with current variable values



 Iteration 0
 WSSR        : 10955.8           delta(WSSR)/WSSR   : 0
 delta(WSSR) : 0                 limit for stopping : 1e-05
 lambda	  : 18.1717

initial set of free parameter values

a3              = 1
b3              = 1

After 5 iterations the fit converged.
final sum of squares of residuals : 15.8381
rel. change during last iteration : -4.84038e-11

degrees of freedom    (FIT_NDF)                        : 17
rms of residuals      (FIT_STDFIT) = sqrt(WSSR/ndf)    : 0.965222
variance of residuals (reduced chisquare) = WSSR/ndf   : 0.931653

Final set of parameters            Asymptotic Standard Error
=======================            ==========================

a3              = 0.527853         +/- 0.02633      (4.988%)
b3              = -11.209          +/- 0.6762       (6.032%)


correlation matrix of the fit parameters:

               a3     b3     
a3              1.000 
b3             -0.945  1.000 


*******************************************************************************
Sun Jul  8 15:39:04 2018


FIT:    data read from "torus_log_A_NE2.dat"  using 1:3
        format = x:z
        #datapoints = 19
        residuals are weighted equally (unit weight)

function used for fitting: f1(x)
fitted parameters initialized with current variable values



 Iteration 0
 WSSR        : 11029.3           delta(WSSR)/WSSR   : 0
 delta(WSSR) : 0                 limit for stopping : 1e-05
 lambda	  : 18.1717

initial set of free parameter values

a1              = 1
b1              = 1

After 5 iterations the fit converged.
final sum of squares of residuals : 23.1867
rel. change during last iteration : -3.41311e-11

degrees of freedom    (FIT_NDF)                        : 17
rms of residuals      (FIT_STDFIT) = sqrt(WSSR/ndf)    : 1.16787
variance of residuals (reduced chisquare) = WSSR/ndf   : 1.36392

Final set of parameters            Asymptotic Standard Error
=======================            ==========================

a1              = 0.532594         +/- 0.03186      (5.982%)
b1              = -11.4041         +/- 0.8181       (7.174%)


correlation matrix of the fit parameters:

               a1     b1     
a1              1.000 
b1             -0.945  1.000 


*******************************************************************************
Sun Jul  8 15:39:04 2018


FIT:    data read from "torus_log_B_NE2.dat"  using 1:3
        format = x:z
        #datapoints = 19
        residuals are weighted equally (unit weight)

function used for fitting: f2(x)
fitted parameters initialized with current variable values



 Iteration 0
 WSSR        : 9285.38           delta(WSSR)/WSSR   : 0
 delta(WSSR) : 0                 limit for stopping : 1e-05
 lambda	  : 18.1717

initial set of free parameter values

a2              = 1
b2              = 1

After 5 iterations the fit converged.
final sum of squares of residuals : 53.1091
rel. change during last iteration : -1.65097e-11

degrees of freedom    (FIT_NDF)                        : 17
rms of residuals      (FIT_STDFIT) = sqrt(WSSR/ndf)    : 1.7675
variance of residuals (reduced chisquare) = WSSR/ndf   : 3.12406

Final set of parameters            Asymptotic Standard Error
=======================            ==========================

a2              = 0.638117         +/- 0.04822      (7.556%)
b2              = -12.0518         +/- 1.238        (10.27%)


correlation matrix of the fit parameters:

               a2     b2     
a2              1.000 
b2             -0.945  1.000 


*******************************************************************************
Sun Jul  8 15:39:04 2018


FIT:    data read from "torus_log_R_NE2.dat"  using 1:3
        format = x:z
        #datapoints = 19
        residuals are weighted equally (unit weight)

function used for fitting: f3(x)
fitted parameters initialized with current variable values



 Iteration 0
 WSSR        : 10955.8           delta(WSSR)/WSSR   : 0
 delta(WSSR) : 0                 limit for stopping : 1e-05
 lambda	  : 18.1717

initial set of free parameter values

a3              = 1
b3              = 1

After 5 iterations the fit converged.
final sum of squares of residuals : 15.8381
rel. change during last iteration : -4.84038e-11

degrees of freedom    (FIT_NDF)                        : 17
rms of residuals      (FIT_STDFIT) = sqrt(WSSR/ndf)    : 0.965222
variance of residuals (reduced chisquare) = WSSR/ndf   : 0.931653

Final set of parameters            Asymptotic Standard Error
=======================            ==========================

a3              = 0.527853         +/- 0.02633      (4.988%)
b3              = -11.209          +/- 0.6762       (6.032%)


correlation matrix of the fit parameters:

               a3     b3     
a3              1.000 
b3             -0.945  1.000 


*******************************************************************************
Sun Jul  8 15:40:27 2018


FIT:    data read from "torus_log_A_NE2.dat"  using 1:3
        format = x:z
        #datapoints = 19
        residuals are weighted equally (unit weight)

function used for fitting: f1(x)
fitted parameters initialized with current variable values



 Iteration 0
 WSSR        : 11029.3           delta(WSSR)/WSSR   : 0
 delta(WSSR) : 0                 limit for stopping : 1e-05
 lambda	  : 18.1717

initial set of free parameter values

a1              = 1
b1              = 1

After 5 iterations the fit converged.
final sum of squares of residuals : 23.1867
rel. change during last iteration : -3.41311e-11

degrees of freedom    (FIT_NDF)                        : 17
rms of residuals      (FIT_STDFIT) = sqrt(WSSR/ndf)    : 1.16787
variance of residuals (reduced chisquare) = WSSR/ndf   : 1.36392

Final set of parameters            Asymptotic Standard Error
=======================            ==========================

a1              = 0.532594         +/- 0.03186      (5.982%)
b1              = -11.4041         +/- 0.8181       (7.174%)


correlation matrix of the fit parameters:

               a1     b1     
a1              1.000 
b1             -0.945  1.000 


*******************************************************************************
Sun Jul  8 15:40:27 2018


FIT:    data read from "torus_log_B_NE2.dat"  using 1:3
        format = x:z
        #datapoints = 19
        residuals are weighted equally (unit weight)

function used for fitting: f2(x)
fitted parameters initialized with current variable values



 Iteration 0
 WSSR        : 9285.38           delta(WSSR)/WSSR   : 0
 delta(WSSR) : 0                 limit for stopping : 1e-05
 lambda	  : 18.1717

initial set of free parameter values

a2              = 1
b2              = 1

After 5 iterations the fit converged.
final sum of squares of residuals : 53.1091
rel. change during last iteration : -1.65097e-11

degrees of freedom    (FIT_NDF)                        : 17
rms of residuals      (FIT_STDFIT) = sqrt(WSSR/ndf)    : 1.7675
variance of residuals (reduced chisquare) = WSSR/ndf   : 3.12406

Final set of parameters            Asymptotic Standard Error
=======================            ==========================

a2              = 0.638117         +/- 0.04822      (7.556%)
b2              = -12.0518         +/- 1.238        (10.27%)


correlation matrix of the fit parameters:

               a2     b2     
a2              1.000 
b2             -0.945  1.000 


*******************************************************************************
Sun Jul  8 15:40:27 2018


FIT:    data read from "torus_log_R_NE2.dat"  using 1:3
        format = x:z
        #datapoints = 19
        residuals are weighted equally (unit weight)

function used for fitting: f3(x)
fitted parameters initialized with current variable values



 Iteration 0
 WSSR        : 10955.8           delta(WSSR)/WSSR   : 0
 delta(WSSR) : 0                 limit for stopping : 1e-05
 lambda	  : 18.1717

initial set of free parameter values

a3              = 1
b3              = 1

After 5 iterations the fit converged.
final sum of squares of residuals : 15.8381
rel. change during last iteration : -4.84038e-11

degrees of freedom    (FIT_NDF)                        : 17
rms of residuals      (FIT_STDFIT) = sqrt(WSSR/ndf)    : 0.965222
variance of residuals (reduced chisquare) = WSSR/ndf   : 0.931653

Final set of parameters            Asymptotic Standard Error
=======================            ==========================

a3              = 0.527853         +/- 0.02633      (4.988%)
b3              = -11.209          +/- 0.6762       (6.032%)


correlation matrix of the fit parameters:

               a3     b3     
a3              1.000 
b3             -0.945  1.000 


*******************************************************************************
Sun Jul  8 15:40:37 2018


FIT:    data read from "torus_log_A_NE2.dat"  using 1:3
        format = x:z
        #datapoints = 19
        residuals are weighted equally (unit weight)

function used for fitting: f1(x)
fitted parameters initialized with current variable values



 Iteration 0
 WSSR        : 11029.3           delta(WSSR)/WSSR   : 0
 delta(WSSR) : 0                 limit for stopping : 1e-05
 lambda	  : 18.1717

initial set of free parameter values

a1              = 1
b1              = 1

After 5 iterations the fit converged.
final sum of squares of residuals : 23.1867
rel. change during last iteration : -3.41311e-11

degrees of freedom    (FIT_NDF)                        : 17
rms of residuals      (FIT_STDFIT) = sqrt(WSSR/ndf)    : 1.16787
variance of residuals (reduced chisquare) = WSSR/ndf   : 1.36392

Final set of parameters            Asymptotic Standard Error
=======================            ==========================

a1              = 0.532594         +/- 0.03186      (5.982%)
b1              = -11.4041         +/- 0.8181       (7.174%)


correlation matrix of the fit parameters:

               a1     b1     
a1              1.000 
b1             -0.945  1.000 


*******************************************************************************
Sun Jul  8 15:40:37 2018


FIT:    data read from "torus_log_B_NE2.dat"  using 1:3
        format = x:z
        #datapoints = 19
        residuals are weighted equally (unit weight)

function used for fitting: f2(x)
fitted parameters initialized with current variable values



 Iteration 0
 WSSR        : 9285.38           delta(WSSR)/WSSR   : 0
 delta(WSSR) : 0                 limit for stopping : 1e-05
 lambda	  : 18.1717

initial set of free parameter values

a2              = 1
b2              = 1

After 5 iterations the fit converged.
final sum of squares of residuals : 53.1091
rel. change during last iteration : -1.65097e-11

degrees of freedom    (FIT_NDF)                        : 17
rms of residuals      (FIT_STDFIT) = sqrt(WSSR/ndf)    : 1.7675
variance of residuals (reduced chisquare) = WSSR/ndf   : 3.12406

Final set of parameters            Asymptotic Standard Error
=======================            ==========================

a2              = 0.638117         +/- 0.04822      (7.556%)
b2              = -12.0518         +/- 1.238        (10.27%)


correlation matrix of the fit parameters:

               a2     b2     
a2              1.000 
b2             -0.945  1.000 


*******************************************************************************
Sun Jul  8 15:40:37 2018


FIT:    data read from "torus_log_R_NE2.dat"  using 1:3
        format = x:z
        #datapoints = 19
        residuals are weighted equally (unit weight)

function used for fitting: f3(x)
fitted parameters initialized with current variable values



 Iteration 0
 WSSR        : 10955.8           delta(WSSR)/WSSR   : 0
 delta(WSSR) : 0                 limit for stopping : 1e-05
 lambda	  : 18.1717

initial set of free parameter values

a3              = 1
b3              = 1

After 5 iterations the fit converged.
final sum of squares of residuals : 15.8381
rel. change during last iteration : -4.84038e-11

degrees of freedom    (FIT_NDF)                        : 17
rms of residuals      (FIT_STDFIT) = sqrt(WSSR/ndf)    : 0.965222
variance of residuals (reduced chisquare) = WSSR/ndf   : 0.931653

Final set of parameters            Asymptotic Standard Error
=======================            ==========================

a3              = 0.527853         +/- 0.02633      (4.988%)
b3              = -11.209          +/- 0.6762       (6.032%)


correlation matrix of the fit parameters:

               a3     b3     
a3              1.000 
b3             -0.945  1.000 


*******************************************************************************
Sun Jul  8 15:40:55 2018


FIT:    data read from "torus_log_A_NE2.dat"  using 1:3
        format = x:z
        #datapoints = 19
        residuals are weighted equally (unit weight)

function used for fitting: f1(x)
fitted parameters initialized with current variable values



 Iteration 0
 WSSR        : 11029.3           delta(WSSR)/WSSR   : 0
 delta(WSSR) : 0                 limit for stopping : 1e-05
 lambda	  : 18.1717

initial set of free parameter values

a1              = 1
b1              = 1

After 5 iterations the fit converged.
final sum of squares of residuals : 23.1867
rel. change during last iteration : -3.41311e-11

degrees of freedom    (FIT_NDF)                        : 17
rms of residuals      (FIT_STDFIT) = sqrt(WSSR/ndf)    : 1.16787
variance of residuals (reduced chisquare) = WSSR/ndf   : 1.36392

Final set of parameters            Asymptotic Standard Error
=======================            ==========================

a1              = 0.532594         +/- 0.03186      (5.982%)
b1              = -11.4041         +/- 0.8181       (7.174%)


correlation matrix of the fit parameters:

               a1     b1     
a1              1.000 
b1             -0.945  1.000 


*******************************************************************************
Sun Jul  8 15:40:55 2018


FIT:    data read from "torus_log_B_NE2.dat"  using 1:3
        format = x:z
        #datapoints = 19
        residuals are weighted equally (unit weight)

function used for fitting: f2(x)
fitted parameters initialized with current variable values



 Iteration 0
 WSSR        : 9285.38           delta(WSSR)/WSSR   : 0
 delta(WSSR) : 0                 limit for stopping : 1e-05
 lambda	  : 18.1717

initial set of free parameter values

a2              = 1
b2              = 1

After 5 iterations the fit converged.
final sum of squares of residuals : 53.1091
rel. change during last iteration : -1.65097e-11

degrees of freedom    (FIT_NDF)                        : 17
rms of residuals      (FIT_STDFIT) = sqrt(WSSR/ndf)    : 1.7675
variance of residuals (reduced chisquare) = WSSR/ndf   : 3.12406

Final set of parameters            Asymptotic Standard Error
=======================            ==========================

a2              = 0.638117         +/- 0.04822      (7.556%)
b2              = -12.0518         +/- 1.238        (10.27%)


correlation matrix of the fit parameters:

               a2     b2     
a2              1.000 
b2             -0.945  1.000 


*******************************************************************************
Sun Jul  8 15:40:55 2018


FIT:    data read from "torus_log_R_NE2.dat"  using 1:3
        format = x:z
        #datapoints = 19
        residuals are weighted equally (unit weight)

function used for fitting: f3(x)
fitted parameters initialized with current variable values



 Iteration 0
 WSSR        : 10955.8           delta(WSSR)/WSSR   : 0
 delta(WSSR) : 0                 limit for stopping : 1e-05
 lambda	  : 18.1717

initial set of free parameter values

a3              = 1
b3              = 1

After 5 iterations the fit converged.
final sum of squares of residuals : 15.8381
rel. change during last iteration : -4.84038e-11

degrees of freedom    (FIT_NDF)                        : 17
rms of residuals      (FIT_STDFIT) = sqrt(WSSR/ndf)    : 0.965222
variance of residuals (reduced chisquare) = WSSR/ndf   : 0.931653

Final set of parameters            Asymptotic Standard Error
=======================            ==========================

a3              = 0.527853         +/- 0.02633      (4.988%)
b3              = -11.209          +/- 0.6762       (6.032%)


correlation matrix of the fit parameters:

               a3     b3     
a3              1.000 
b3             -0.945  1.000 


*******************************************************************************
Sun Jul  8 15:41:17 2018


FIT:    data read from "torus_log_A_NE2.dat"  using 1:3
        format = x:z
        #datapoints = 19
        residuals are weighted equally (unit weight)

function used for fitting: f1(x)
fitted parameters initialized with current variable values



 Iteration 0
 WSSR        : 11029.3           delta(WSSR)/WSSR   : 0
 delta(WSSR) : 0                 limit for stopping : 1e-05
 lambda	  : 18.1717

initial set of free parameter values

a1              = 1
b1              = 1

After 5 iterations the fit converged.
final sum of squares of residuals : 23.1867
rel. change during last iteration : -3.41311e-11

degrees of freedom    (FIT_NDF)                        : 17
rms of residuals      (FIT_STDFIT) = sqrt(WSSR/ndf)    : 1.16787
variance of residuals (reduced chisquare) = WSSR/ndf   : 1.36392

Final set of parameters            Asymptotic Standard Error
=======================            ==========================

a1              = 0.532594         +/- 0.03186      (5.982%)
b1              = -11.4041         +/- 0.8181       (7.174%)


correlation matrix of the fit parameters:

               a1     b1     
a1              1.000 
b1             -0.945  1.000 


*******************************************************************************
Sun Jul  8 15:41:17 2018


FIT:    data read from "torus_log_B_NE2.dat"  using 1:3
        format = x:z
        #datapoints = 19
        residuals are weighted equally (unit weight)

function used for fitting: f2(x)
fitted parameters initialized with current variable values



 Iteration 0
 WSSR        : 9285.38           delta(WSSR)/WSSR   : 0
 delta(WSSR) : 0                 limit for stopping : 1e-05
 lambda	  : 18.1717

initial set of free parameter values

a2              = 1
b2              = 1

After 5 iterations the fit converged.
final sum of squares of residuals : 53.1091
rel. change during last iteration : -1.65097e-11

degrees of freedom    (FIT_NDF)                        : 17
rms of residuals      (FIT_STDFIT) = sqrt(WSSR/ndf)    : 1.7675
variance of residuals (reduced chisquare) = WSSR/ndf   : 3.12406

Final set of parameters            Asymptotic Standard Error
=======================            ==========================

a2              = 0.638117         +/- 0.04822      (7.556%)
b2              = -12.0518         +/- 1.238        (10.27%)


correlation matrix of the fit parameters:

               a2     b2     
a2              1.000 
b2             -0.945  1.000 


*******************************************************************************
Sun Jul  8 15:41:17 2018


FIT:    data read from "torus_log_R_NE2.dat"  using 1:3
        format = x:z
        #datapoints = 19
        residuals are weighted equally (unit weight)

function used for fitting: f3(x)
fitted parameters initialized with current variable values



 Iteration 0
 WSSR        : 10955.8           delta(WSSR)/WSSR   : 0
 delta(WSSR) : 0                 limit for stopping : 1e-05
 lambda	  : 18.1717

initial set of free parameter values

a3              = 1
b3              = 1

After 5 iterations the fit converged.
final sum of squares of residuals : 15.8381
rel. change during last iteration : -4.84038e-11

degrees of freedom    (FIT_NDF)                        : 17
rms of residuals      (FIT_STDFIT) = sqrt(WSSR/ndf)    : 0.965222
variance of residuals (reduced chisquare) = WSSR/ndf   : 0.931653

Final set of parameters            Asymptotic Standard Error
=======================            ==========================

a3              = 0.527853         +/- 0.02633      (4.988%)
b3              = -11.209          +/- 0.6762       (6.032%)


correlation matrix of the fit parameters:

               a3     b3     
a3              1.000 
b3             -0.945  1.000 


*******************************************************************************
Sun Jul  8 15:41:35 2018


FIT:    data read from "torus_log_A_NE2.dat"  using 1:3
        format = x:z
        #datapoints = 19
        residuals are weighted equally (unit weight)

function used for fitting: f1(x)
fitted parameters initialized with current variable values



 Iteration 0
 WSSR        : 11029.3           delta(WSSR)/WSSR   : 0
 delta(WSSR) : 0                 limit for stopping : 1e-05
 lambda	  : 18.1717

initial set of free parameter values

a1              = 1
b1              = 1

After 5 iterations the fit converged.
final sum of squares of residuals : 23.1867
rel. change during last iteration : -3.41311e-11

degrees of freedom    (FIT_NDF)                        : 17
rms of residuals      (FIT_STDFIT) = sqrt(WSSR/ndf)    : 1.16787
variance of residuals (reduced chisquare) = WSSR/ndf   : 1.36392

Final set of parameters            Asymptotic Standard Error
=======================            ==========================

a1              = 0.532594         +/- 0.03186      (5.982%)
b1              = -11.4041         +/- 0.8181       (7.174%)


correlation matrix of the fit parameters:

               a1     b1     
a1              1.000 
b1             -0.945  1.000 


*******************************************************************************
Sun Jul  8 15:41:35 2018


FIT:    data read from "torus_log_B_NE2.dat"  using 1:3
        format = x:z
        #datapoints = 19
        residuals are weighted equally (unit weight)

function used for fitting: f2(x)
fitted parameters initialized with current variable values



 Iteration 0
 WSSR        : 9285.38           delta(WSSR)/WSSR   : 0
 delta(WSSR) : 0                 limit for stopping : 1e-05
 lambda	  : 18.1717

initial set of free parameter values

a2              = 1
b2              = 1

After 5 iterations the fit converged.
final sum of squares of residuals : 53.1091
rel. change during last iteration : -1.65097e-11

degrees of freedom    (FIT_NDF)                        : 17
rms of residuals      (FIT_STDFIT) = sqrt(WSSR/ndf)    : 1.7675
variance of residuals (reduced chisquare) = WSSR/ndf   : 3.12406

Final set of parameters            Asymptotic Standard Error
=======================            ==========================

a2              = 0.638117         +/- 0.04822      (7.556%)
b2              = -12.0518         +/- 1.238        (10.27%)


correlation matrix of the fit parameters:

               a2     b2     
a2              1.000 
b2             -0.945  1.000 


*******************************************************************************
Sun Jul  8 15:41:35 2018


FIT:    data read from "torus_log_R_NE2.dat"  using 1:3
        format = x:z
        #datapoints = 19
        residuals are weighted equally (unit weight)

function used for fitting: f3(x)
fitted parameters initialized with current variable values



 Iteration 0
 WSSR        : 10955.8           delta(WSSR)/WSSR   : 0
 delta(WSSR) : 0                 limit for stopping : 1e-05
 lambda	  : 18.1717

initial set of free parameter values

a3              = 1
b3              = 1

After 5 iterations the fit converged.
final sum of squares of residuals : 15.8381
rel. change during last iteration : -4.84038e-11

degrees of freedom    (FIT_NDF)                        : 17
rms of residuals      (FIT_STDFIT) = sqrt(WSSR/ndf)    : 0.965222
variance of residuals (reduced chisquare) = WSSR/ndf   : 0.931653

Final set of parameters            Asymptotic Standard Error
=======================            ==========================

a3              = 0.527853         +/- 0.02633      (4.988%)
b3              = -11.209          +/- 0.6762       (6.032%)


correlation matrix of the fit parameters:

               a3     b3     
a3              1.000 
b3             -0.945  1.000 


*******************************************************************************
Mon Jul  9 11:50:21 2018


FIT:    data read from "torus_log_A_NE2.dat"  using 1:3
        format = x:z
        #datapoints = 19
        residuals are weighted equally (unit weight)

function used for fitting: f1(x)
fitted parameters initialized with current variable values



 Iteration 0
 WSSR        : 11029.3           delta(WSSR)/WSSR   : 0
 delta(WSSR) : 0                 limit for stopping : 1e-05
 lambda	  : 18.1717

initial set of free parameter values

a1              = 1
b1              = 1

After 5 iterations the fit converged.
final sum of squares of residuals : 23.1867
rel. change during last iteration : -3.41311e-11

degrees of freedom    (FIT_NDF)                        : 17
rms of residuals      (FIT_STDFIT) = sqrt(WSSR/ndf)    : 1.16787
variance of residuals (reduced chisquare) = WSSR/ndf   : 1.36392

Final set of parameters            Asymptotic Standard Error
=======================            ==========================

a1              = 0.532594         +/- 0.03186      (5.982%)
b1              = -11.4041         +/- 0.8181       (7.174%)


correlation matrix of the fit parameters:

               a1     b1     
a1              1.000 
b1             -0.945  1.000 


*******************************************************************************
Mon Jul  9 11:50:21 2018


FIT:    data read from "torus_log_B_NE2.dat"  using 1:3
        format = x:z
        #datapoints = 19
        residuals are weighted equally (unit weight)

function used for fitting: f2(x)
fitted parameters initialized with current variable values



 Iteration 0
 WSSR        : 9285.38           delta(WSSR)/WSSR   : 0
 delta(WSSR) : 0                 limit for stopping : 1e-05
 lambda	  : 18.1717

initial set of free parameter values

a2              = 1
b2              = 1

After 5 iterations the fit converged.
final sum of squares of residuals : 53.1091
rel. change during last iteration : -1.65097e-11

degrees of freedom    (FIT_NDF)                        : 17
rms of residuals      (FIT_STDFIT) = sqrt(WSSR/ndf)    : 1.7675
variance of residuals (reduced chisquare) = WSSR/ndf   : 3.12406

Final set of parameters            Asymptotic Standard Error
=======================            ==========================

a2              = 0.638117         +/- 0.04822      (7.556%)
b2              = -12.0518         +/- 1.238        (10.27%)


correlation matrix of the fit parameters:

               a2     b2     
a2              1.000 
b2             -0.945  1.000 


*******************************************************************************
Mon Jul  9 11:50:21 2018


FIT:    data read from "torus_log_RND_NE2.dat"  using 1:3
        format = x:z
        #datapoints = 19
        residuals are weighted equally (unit weight)

function used for fitting: f3(x)
fitted parameters initialized with current variable values



 Iteration 0
 WSSR        : 10400.2           delta(WSSR)/WSSR   : 0
 delta(WSSR) : 0                 limit for stopping : 1e-05
 lambda	  : 18.1717

initial set of free parameter values

a3              = 1
b3              = 1

After 5 iterations the fit converged.
final sum of squares of residuals : 27.4874
rel. change during last iteration : -3.02419e-11

degrees of freedom    (FIT_NDF)                        : 17
rms of residuals      (FIT_STDFIT) = sqrt(WSSR/ndf)    : 1.27158
variance of residuals (reduced chisquare) = WSSR/ndf   : 1.61691

Final set of parameters            Asymptotic Standard Error
=======================            ==========================

a3              = 0.572353         +/- 0.03469      (6.061%)
b3              = -11.7107         +/- 0.8908       (7.607%)


correlation matrix of the fit parameters:

               a3     b3     
a3              1.000 
b3             -0.945  1.000 


*******************************************************************************
Mon Jul  9 11:51:48 2018


FIT:    data read from "torus_log_A_NE2.dat"  using 1:3
        format = x:z
        #datapoints = 19
        residuals are weighted equally (unit weight)

function used for fitting: f1(x)
fitted parameters initialized with current variable values



 Iteration 0
 WSSR        : 11029.3           delta(WSSR)/WSSR   : 0
 delta(WSSR) : 0                 limit for stopping : 1e-05
 lambda	  : 18.1717

initial set of free parameter values

a1              = 1
b1              = 1

After 5 iterations the fit converged.
final sum of squares of residuals : 23.1867
rel. change during last iteration : -3.41311e-11

degrees of freedom    (FIT_NDF)                        : 17
rms of residuals      (FIT_STDFIT) = sqrt(WSSR/ndf)    : 1.16787
variance of residuals (reduced chisquare) = WSSR/ndf   : 1.36392

Final set of parameters            Asymptotic Standard Error
=======================            ==========================

a1              = 0.532594         +/- 0.03186      (5.982%)
b1              = -11.4041         +/- 0.8181       (7.174%)


correlation matrix of the fit parameters:

               a1     b1     
a1              1.000 
b1             -0.945  1.000 


*******************************************************************************
Mon Jul  9 11:51:48 2018


FIT:    data read from "torus_log_B_NE2.dat"  using 1:3
        format = x:z
        #datapoints = 19
        residuals are weighted equally (unit weight)

function used for fitting: f2(x)
fitted parameters initialized with current variable values



 Iteration 0
 WSSR        : 9285.38           delta(WSSR)/WSSR   : 0
 delta(WSSR) : 0                 limit for stopping : 1e-05
 lambda	  : 18.1717

initial set of free parameter values

a2              = 1
b2              = 1

After 5 iterations the fit converged.
final sum of squares of residuals : 53.1091
rel. change during last iteration : -1.65097e-11

degrees of freedom    (FIT_NDF)                        : 17
rms of residuals      (FIT_STDFIT) = sqrt(WSSR/ndf)    : 1.7675
variance of residuals (reduced chisquare) = WSSR/ndf   : 3.12406

Final set of parameters            Asymptotic Standard Error
=======================            ==========================

a2              = 0.638117         +/- 0.04822      (7.556%)
b2              = -12.0518         +/- 1.238        (10.27%)


correlation matrix of the fit parameters:

               a2     b2     
a2              1.000 
b2             -0.945  1.000 


*******************************************************************************
Mon Jul  9 11:51:48 2018


FIT:    data read from "torus_log_RND_NE2.dat"  using 1:3
        format = x:z
        #datapoints = 19
        residuals are weighted equally (unit weight)

function used for fitting: f3(x)
fitted parameters initialized with current variable values



 Iteration 0
 WSSR        : 10400.2           delta(WSSR)/WSSR   : 0
 delta(WSSR) : 0                 limit for stopping : 1e-05
 lambda	  : 18.1717

initial set of free parameter values

a3              = 1
b3              = 1

After 5 iterations the fit converged.
final sum of squares of residuals : 27.4874
rel. change during last iteration : -3.02419e-11

degrees of freedom    (FIT_NDF)                        : 17
rms of residuals      (FIT_STDFIT) = sqrt(WSSR/ndf)    : 1.27158
variance of residuals (reduced chisquare) = WSSR/ndf   : 1.61691

Final set of parameters            Asymptotic Standard Error
=======================            ==========================

a3              = 0.572353         +/- 0.03469      (6.061%)
b3              = -11.7107         +/- 0.8908       (7.607%)


correlation matrix of the fit parameters:

               a3     b3     
a3              1.000 
b3             -0.945  1.000 


*******************************************************************************
Mon Jul  9 11:52:38 2018


FIT:    data read from "torus_log_A_NE2.dat"  using 1:3
        format = x:z
        #datapoints = 19
        residuals are weighted equally (unit weight)

function used for fitting: f1(x)
fitted parameters initialized with current variable values



 Iteration 0
 WSSR        : 11029.3           delta(WSSR)/WSSR   : 0
 delta(WSSR) : 0                 limit for stopping : 1e-05
 lambda	  : 18.1717

initial set of free parameter values

a1              = 1
b1              = 1

After 5 iterations the fit converged.
final sum of squares of residuals : 23.1867
rel. change during last iteration : -3.41311e-11

degrees of freedom    (FIT_NDF)                        : 17
rms of residuals      (FIT_STDFIT) = sqrt(WSSR/ndf)    : 1.16787
variance of residuals (reduced chisquare) = WSSR/ndf   : 1.36392

Final set of parameters            Asymptotic Standard Error
=======================            ==========================

a1              = 0.532594         +/- 0.03186      (5.982%)
b1              = -11.4041         +/- 0.8181       (7.174%)


correlation matrix of the fit parameters:

               a1     b1     
a1              1.000 
b1             -0.945  1.000 


*******************************************************************************
Mon Jul  9 11:52:38 2018


FIT:    data read from "torus_log_B_NE2.dat"  using 1:3
        format = x:z
        #datapoints = 19
        residuals are weighted equally (unit weight)

function used for fitting: f2(x)
fitted parameters initialized with current variable values



 Iteration 0
 WSSR        : 9285.38           delta(WSSR)/WSSR   : 0
 delta(WSSR) : 0                 limit for stopping : 1e-05
 lambda	  : 18.1717

initial set of free parameter values

a2              = 1
b2              = 1

After 5 iterations the fit converged.
final sum of squares of residuals : 53.1091
rel. change during last iteration : -1.65097e-11

degrees of freedom    (FIT_NDF)                        : 17
rms of residuals      (FIT_STDFIT) = sqrt(WSSR/ndf)    : 1.7675
variance of residuals (reduced chisquare) = WSSR/ndf   : 3.12406

Final set of parameters            Asymptotic Standard Error
=======================            ==========================

a2              = 0.638117         +/- 0.04822      (7.556%)
b2              = -12.0518         +/- 1.238        (10.27%)


correlation matrix of the fit parameters:

               a2     b2     
a2              1.000 
b2             -0.945  1.000 


*******************************************************************************
Mon Jul  9 11:52:38 2018


FIT:    data read from "torus_log_RND_NE2.dat"  using 1:3
        format = x:z
        #datapoints = 19
        residuals are weighted equally (unit weight)

function used for fitting: f3(x)
fitted parameters initialized with current variable values



 Iteration 0
 WSSR        : 10400.2           delta(WSSR)/WSSR   : 0
 delta(WSSR) : 0                 limit for stopping : 1e-05
 lambda	  : 18.1717

initial set of free parameter values

a3              = 1
b3              = 1

After 5 iterations the fit converged.
final sum of squares of residuals : 27.4874
rel. change during last iteration : -3.02419e-11

degrees of freedom    (FIT_NDF)                        : 17
rms of residuals      (FIT_STDFIT) = sqrt(WSSR/ndf)    : 1.27158
variance of residuals (reduced chisquare) = WSSR/ndf   : 1.61691

Final set of parameters            Asymptotic Standard Error
=======================            ==========================

a3              = 0.572353         +/- 0.03469      (6.061%)
b3              = -11.7107         +/- 0.8908       (7.607%)


correlation matrix of the fit parameters:

               a3     b3     
a3              1.000 
b3             -0.945  1.000 


*******************************************************************************
Mon Jul  9 11:52:40 2018


FIT:    data read from "torus_log_A_NE2.dat"  using 1:3
        format = x:z
        #datapoints = 19
        residuals are weighted equally (unit weight)

function used for fitting: f1(x)
fitted parameters initialized with current variable values



 Iteration 0
 WSSR        : 11029.3           delta(WSSR)/WSSR   : 0
 delta(WSSR) : 0                 limit for stopping : 1e-05
 lambda	  : 18.1717

initial set of free parameter values

a1              = 1
b1              = 1

After 5 iterations the fit converged.
final sum of squares of residuals : 23.1867
rel. change during last iteration : -3.41311e-11

degrees of freedom    (FIT_NDF)                        : 17
rms of residuals      (FIT_STDFIT) = sqrt(WSSR/ndf)    : 1.16787
variance of residuals (reduced chisquare) = WSSR/ndf   : 1.36392

Final set of parameters            Asymptotic Standard Error
=======================            ==========================

a1              = 0.532594         +/- 0.03186      (5.982%)
b1              = -11.4041         +/- 0.8181       (7.174%)


correlation matrix of the fit parameters:

               a1     b1     
a1              1.000 
b1             -0.945  1.000 


*******************************************************************************
Mon Jul  9 11:52:40 2018


FIT:    data read from "torus_log_B_NE2.dat"  using 1:3
        format = x:z
        #datapoints = 19
        residuals are weighted equally (unit weight)

function used for fitting: f2(x)
fitted parameters initialized with current variable values



 Iteration 0
 WSSR        : 9285.38           delta(WSSR)/WSSR   : 0
 delta(WSSR) : 0                 limit for stopping : 1e-05
 lambda	  : 18.1717

initial set of free parameter values

a2              = 1
b2              = 1

After 5 iterations the fit converged.
final sum of squares of residuals : 53.1091
rel. change during last iteration : -1.65097e-11

degrees of freedom    (FIT_NDF)                        : 17
rms of residuals      (FIT_STDFIT) = sqrt(WSSR/ndf)    : 1.7675
variance of residuals (reduced chisquare) = WSSR/ndf   : 3.12406

Final set of parameters            Asymptotic Standard Error
=======================            ==========================

a2              = 0.638117         +/- 0.04822      (7.556%)
b2              = -12.0518         +/- 1.238        (10.27%)


correlation matrix of the fit parameters:

               a2     b2     
a2              1.000 
b2             -0.945  1.000 


*******************************************************************************
Mon Jul  9 11:52:40 2018


FIT:    data read from "torus_log_RND_NE2.dat"  using 1:3
        format = x:z
        #datapoints = 19
        residuals are weighted equally (unit weight)

function used for fitting: f3(x)
fitted parameters initialized with current variable values



 Iteration 0
 WSSR        : 10400.2           delta(WSSR)/WSSR   : 0
 delta(WSSR) : 0                 limit for stopping : 1e-05
 lambda	  : 18.1717

initial set of free parameter values

a3              = 1
b3              = 1

After 5 iterations the fit converged.
final sum of squares of residuals : 27.4874
rel. change during last iteration : -3.02419e-11

degrees of freedom    (FIT_NDF)                        : 17
rms of residuals      (FIT_STDFIT) = sqrt(WSSR/ndf)    : 1.27158
variance of residuals (reduced chisquare) = WSSR/ndf   : 1.61691

Final set of parameters            Asymptotic Standard Error
=======================            ==========================

a3              = 0.572353         +/- 0.03469      (6.061%)
b3              = -11.7107         +/- 0.8908       (7.607%)


correlation matrix of the fit parameters:

               a3     b3     
a3              1.000 
b3             -0.945  1.000 


*******************************************************************************
Mon Jul  9 11:53:54 2018


FIT:    data read from "torus_log_A_NE2.dat"  using 1:3
        format = x:z
        #datapoints = 19
        residuals are weighted equally (unit weight)

function used for fitting: f1(x)
fitted parameters initialized with current variable values



 Iteration 0
 WSSR        : 11029.3           delta(WSSR)/WSSR   : 0
 delta(WSSR) : 0                 limit for stopping : 1e-05
 lambda	  : 18.1717

initial set of free parameter values

a1              = 1
b1              = 1

After 5 iterations the fit converged.
final sum of squares of residuals : 23.1867
rel. change during last iteration : -3.41311e-11

degrees of freedom    (FIT_NDF)                        : 17
rms of residuals      (FIT_STDFIT) = sqrt(WSSR/ndf)    : 1.16787
variance of residuals (reduced chisquare) = WSSR/ndf   : 1.36392

Final set of parameters            Asymptotic Standard Error
=======================            ==========================

a1              = 0.532594         +/- 0.03186      (5.982%)
b1              = -11.4041         +/- 0.8181       (7.174%)


correlation matrix of the fit parameters:

               a1     b1     
a1              1.000 
b1             -0.945  1.000 


*******************************************************************************
Mon Jul  9 11:53:54 2018


FIT:    data read from "torus_log_B_NE2.dat"  using 1:3
        format = x:z
        #datapoints = 19
        residuals are weighted equally (unit weight)

function used for fitting: f2(x)
fitted parameters initialized with current variable values



 Iteration 0
 WSSR        : 9285.38           delta(WSSR)/WSSR   : 0
 delta(WSSR) : 0                 limit for stopping : 1e-05
 lambda	  : 18.1717

initial set of free parameter values

a2              = 1
b2              = 1

After 5 iterations the fit converged.
final sum of squares of residuals : 53.1091
rel. change during last iteration : -1.65097e-11

degrees of freedom    (FIT_NDF)                        : 17
rms of residuals      (FIT_STDFIT) = sqrt(WSSR/ndf)    : 1.7675
variance of residuals (reduced chisquare) = WSSR/ndf   : 3.12406

Final set of parameters            Asymptotic Standard Error
=======================            ==========================

a2              = 0.638117         +/- 0.04822      (7.556%)
b2              = -12.0518         +/- 1.238        (10.27%)


correlation matrix of the fit parameters:

               a2     b2     
a2              1.000 
b2             -0.945  1.000 


*******************************************************************************
Mon Jul  9 11:53:54 2018


FIT:    data read from "torus_log_RND_NE2.dat"  using 1:3
        format = x:z
        #datapoints = 19
        residuals are weighted equally (unit weight)

function used for fitting: f3(x)
fitted parameters initialized with current variable values



 Iteration 0
 WSSR        : 10400.2           delta(WSSR)/WSSR   : 0
 delta(WSSR) : 0                 limit for stopping : 1e-05
 lambda	  : 18.1717

initial set of free parameter values

a3              = 1
b3              = 1

After 5 iterations the fit converged.
final sum of squares of residuals : 27.4874
rel. change during last iteration : -3.02419e-11

degrees of freedom    (FIT_NDF)                        : 17
rms of residuals      (FIT_STDFIT) = sqrt(WSSR/ndf)    : 1.27158
variance of residuals (reduced chisquare) = WSSR/ndf   : 1.61691

Final set of parameters            Asymptotic Standard Error
=======================            ==========================

a3              = 0.572353         +/- 0.03469      (6.061%)
b3              = -11.7107         +/- 0.8908       (7.607%)


correlation matrix of the fit parameters:

               a3     b3     
a3              1.000 
b3             -0.945  1.000 
