

*******************************************************************************
Tue Jul 10 10:36:56 2018


FIT:    data read from "links_log_A_13_45_.dat" using 1:3
        format = x:z
        #datapoints = 32
        residuals are weighted equally (unit weight)

function used for fitting: f1(x)
fitted parameters initialized with current variable values



 Iteration 0
 WSSR        : 25074.2           delta(WSSR)/WSSR   : 0
 delta(WSSR) : 0                 limit for stopping : 1e-05
 lambda	  : 21.8689

initial set of free parameter values

a1              = 1
b1              = 1

After 5 iterations the fit converged.
final sum of squares of residuals : 40.6107
rel. change during last iteration : -3.20873e-11

degrees of freedom    (FIT_NDF)                        : 30
rms of residuals      (FIT_STDFIT) = sqrt(WSSR/ndf)    : 1.16348
variance of residuals (reduced chisquare) = WSSR/ndf   : 1.35369

Final set of parameters            Asymptotic Standard Error
=======================            ==========================

a1              = 0.487195         +/- 0.02228      (4.572%)
b1              = -11.4382         +/- 0.6886       (6.02%)


correlation matrix of the fit parameters:

               a1     b1     
a1              1.000 
b1             -0.954  1.000 


*******************************************************************************
Tue Jul 10 10:37:35 2018


FIT:    data read from "links_log_A_13_45_.dat" using 1:3
        format = x:z
        #datapoints = 32
        residuals are weighted equally (unit weight)

function used for fitting: f1(x)
fitted parameters initialized with current variable values



 Iteration 0
 WSSR        : 25074.2           delta(WSSR)/WSSR   : 0
 delta(WSSR) : 0                 limit for stopping : 1e-05
 lambda	  : 21.8689

initial set of free parameter values

a1              = 1
b1              = 1

After 5 iterations the fit converged.
final sum of squares of residuals : 40.6107
rel. change during last iteration : -3.20873e-11

degrees of freedom    (FIT_NDF)                        : 30
rms of residuals      (FIT_STDFIT) = sqrt(WSSR/ndf)    : 1.16348
variance of residuals (reduced chisquare) = WSSR/ndf   : 1.35369

Final set of parameters            Asymptotic Standard Error
=======================            ==========================

a1              = 0.487195         +/- 0.02228      (4.572%)
b1              = -11.4382         +/- 0.6886       (6.02%)


correlation matrix of the fit parameters:

               a1     b1     
a1              1.000 
b1             -0.954  1.000 


*******************************************************************************
Tue Jul 10 10:37:35 2018


FIT:    data read from "links_log_B_13_44_.dat" using 1:3
        format = x:z
        #datapoints = 31
        residuals are weighted equally (unit weight)

function used for fitting: f2(x)
fitted parameters initialized with current variable values



 Iteration 0
 WSSR        : 23231.5           delta(WSSR)/WSSR   : 0
 delta(WSSR) : 0                 limit for stopping : 1e-05
 lambda	  : 21.4709

initial set of free parameter values

a2              = 1
b2              = 1

After 5 iterations the fit converged.
final sum of squares of residuals : 74.6424
rel. change during last iteration : -1.70319e-11

degrees of freedom    (FIT_NDF)                        : 29
rms of residuals      (FIT_STDFIT) = sqrt(WSSR/ndf)    : 1.60433
variance of residuals (reduced chisquare) = WSSR/ndf   : 2.57388

Final set of parameters            Asymptotic Standard Error
=======================            ==========================

a2              = 0.485363         +/- 0.03222      (6.637%)
b2              = -11.0163         +/- 0.9777       (8.875%)


correlation matrix of the fit parameters:

               a2     b2     
a2              1.000 
b2             -0.956  1.000 


*******************************************************************************
Tue Jul 10 10:37:35 2018


FIT:    data read from "links_log_RND_13_44_.dat" using 1:3
        format = x:z
        #datapoints = 32
        residuals are weighted equally (unit weight)

function used for fitting: f3(x)
fitted parameters initialized with current variable values



 Iteration 0
 WSSR        : 22787.1           delta(WSSR)/WSSR   : 0
 delta(WSSR) : 0                 limit for stopping : 1e-05
 lambda	  : 21.1955

initial set of free parameter values

a3              = 1
b3              = 1

After 5 iterations the fit converged.
final sum of squares of residuals : 48.7231
rel. change during last iteration : -1.89269e-11

degrees of freedom    (FIT_NDF)                        : 30
rms of residuals      (FIT_STDFIT) = sqrt(WSSR/ndf)    : 1.2744
variance of residuals (reduced chisquare) = WSSR/ndf   : 1.6241

Final set of parameters            Asymptotic Standard Error
=======================            ==========================

a3              = 0.554963         +/- 0.0244       (4.397%)
b3              = -12.6544         +/- 0.731        (5.776%)


correlation matrix of the fit parameters:

               a3     b3     
a3              1.000 
b3             -0.951  1.000 


*******************************************************************************
Tue Jul 10 10:38:25 2018


FIT:    data read from "links_log_A_13_45_.dat" using 1:3
        format = x:z
        #datapoints = 32
        residuals are weighted equally (unit weight)

function used for fitting: f1(x)
fitted parameters initialized with current variable values



 Iteration 0
 WSSR        : 25074.2           delta(WSSR)/WSSR   : 0
 delta(WSSR) : 0                 limit for stopping : 1e-05
 lambda	  : 21.8689

initial set of free parameter values

a1              = 1
b1              = 1

After 5 iterations the fit converged.
final sum of squares of residuals : 40.6107
rel. change during last iteration : -3.20873e-11

degrees of freedom    (FIT_NDF)                        : 30
rms of residuals      (FIT_STDFIT) = sqrt(WSSR/ndf)    : 1.16348
variance of residuals (reduced chisquare) = WSSR/ndf   : 1.35369

Final set of parameters            Asymptotic Standard Error
=======================            ==========================

a1              = 0.487195         +/- 0.02228      (4.572%)
b1              = -11.4382         +/- 0.6886       (6.02%)


correlation matrix of the fit parameters:

               a1     b1     
a1              1.000 
b1             -0.954  1.000 


*******************************************************************************
Tue Jul 10 10:38:25 2018


FIT:    data read from "links_log_B_13_44_.dat" using 1:3
        format = x:z
        #datapoints = 31
        residuals are weighted equally (unit weight)

function used for fitting: f2(x)
fitted parameters initialized with current variable values



 Iteration 0
 WSSR        : 23231.5           delta(WSSR)/WSSR   : 0
 delta(WSSR) : 0                 limit for stopping : 1e-05
 lambda	  : 21.4709

initial set of free parameter values

a2              = 1
b2              = 1

After 5 iterations the fit converged.
final sum of squares of residuals : 74.6424
rel. change during last iteration : -1.70319e-11

degrees of freedom    (FIT_NDF)                        : 29
rms of residuals      (FIT_STDFIT) = sqrt(WSSR/ndf)    : 1.60433
variance of residuals (reduced chisquare) = WSSR/ndf   : 2.57388

Final set of parameters            Asymptotic Standard Error
=======================            ==========================

a2              = 0.485363         +/- 0.03222      (6.637%)
b2              = -11.0163         +/- 0.9777       (8.875%)


correlation matrix of the fit parameters:

               a2     b2     
a2              1.000 
b2             -0.956  1.000 


*******************************************************************************
Tue Jul 10 10:38:25 2018


FIT:    data read from "links_log_RND_13_44_.dat" using 1:3
        format = x:z
        #datapoints = 32
        residuals are weighted equally (unit weight)

function used for fitting: f3(x)
fitted parameters initialized with current variable values



 Iteration 0
 WSSR        : 22787.1           delta(WSSR)/WSSR   : 0
 delta(WSSR) : 0                 limit for stopping : 1e-05
 lambda	  : 21.1955

initial set of free parameter values

a3              = 1
b3              = 1

After 5 iterations the fit converged.
final sum of squares of residuals : 48.7231
rel. change during last iteration : -1.89269e-11

degrees of freedom    (FIT_NDF)                        : 30
rms of residuals      (FIT_STDFIT) = sqrt(WSSR/ndf)    : 1.2744
variance of residuals (reduced chisquare) = WSSR/ndf   : 1.6241

Final set of parameters            Asymptotic Standard Error
=======================            ==========================

a3              = 0.554963         +/- 0.0244       (4.397%)
b3              = -12.6544         +/- 0.731        (5.776%)


correlation matrix of the fit parameters:

               a3     b3     
a3              1.000 
b3             -0.951  1.000 


*******************************************************************************
Tue Jul 10 10:38:53 2018


FIT:    data read from "links_log_A_13_45_.dat" using 1:3
        format = x:z
        #datapoints = 32
        residuals are weighted equally (unit weight)

function used for fitting: f1(x)
fitted parameters initialized with current variable values



 Iteration 0
 WSSR        : 25074.2           delta(WSSR)/WSSR   : 0
 delta(WSSR) : 0                 limit for stopping : 1e-05
 lambda	  : 21.8689

initial set of free parameter values

a1              = 1
b1              = 1

After 5 iterations the fit converged.
final sum of squares of residuals : 40.6107
rel. change during last iteration : -3.20873e-11

degrees of freedom    (FIT_NDF)                        : 30
rms of residuals      (FIT_STDFIT) = sqrt(WSSR/ndf)    : 1.16348
variance of residuals (reduced chisquare) = WSSR/ndf   : 1.35369

Final set of parameters            Asymptotic Standard Error
=======================            ==========================

a1              = 0.487195         +/- 0.02228      (4.572%)
b1              = -11.4382         +/- 0.6886       (6.02%)


correlation matrix of the fit parameters:

               a1     b1     
a1              1.000 
b1             -0.954  1.000 


*******************************************************************************
Tue Jul 10 10:38:53 2018


FIT:    data read from "links_log_B_13_44_.dat" using 1:3
        format = x:z
        #datapoints = 31
        residuals are weighted equally (unit weight)

function used for fitting: f2(x)
fitted parameters initialized with current variable values



 Iteration 0
 WSSR        : 23231.5           delta(WSSR)/WSSR   : 0
 delta(WSSR) : 0                 limit for stopping : 1e-05
 lambda	  : 21.4709

initial set of free parameter values

a2              = 1
b2              = 1

After 5 iterations the fit converged.
final sum of squares of residuals : 74.6424
rel. change during last iteration : -1.70319e-11

degrees of freedom    (FIT_NDF)                        : 29
rms of residuals      (FIT_STDFIT) = sqrt(WSSR/ndf)    : 1.60433
variance of residuals (reduced chisquare) = WSSR/ndf   : 2.57388

Final set of parameters            Asymptotic Standard Error
=======================            ==========================

a2              = 0.485363         +/- 0.03222      (6.637%)
b2              = -11.0163         +/- 0.9777       (8.875%)


correlation matrix of the fit parameters:

               a2     b2     
a2              1.000 
b2             -0.956  1.000 


*******************************************************************************
Tue Jul 10 10:38:53 2018


FIT:    data read from "links_log_RND_13_44_.dat" using 1:3
        format = x:z
        #datapoints = 32
        residuals are weighted equally (unit weight)

function used for fitting: f3(x)
fitted parameters initialized with current variable values



 Iteration 0
 WSSR        : 22787.1           delta(WSSR)/WSSR   : 0
 delta(WSSR) : 0                 limit for stopping : 1e-05
 lambda	  : 21.1955

initial set of free parameter values

a3              = 1
b3              = 1

After 5 iterations the fit converged.
final sum of squares of residuals : 48.7231
rel. change during last iteration : -1.89269e-11

degrees of freedom    (FIT_NDF)                        : 30
rms of residuals      (FIT_STDFIT) = sqrt(WSSR/ndf)    : 1.2744
variance of residuals (reduced chisquare) = WSSR/ndf   : 1.6241

Final set of parameters            Asymptotic Standard Error
=======================            ==========================

a3              = 0.554963         +/- 0.0244       (4.397%)
b3              = -12.6544         +/- 0.731        (5.776%)


correlation matrix of the fit parameters:

               a3     b3     
a3              1.000 
b3             -0.951  1.000 


*******************************************************************************
Tue Jul 10 10:41:35 2018


FIT:    data read from "links_log_A_13_45_.dat" using 1:3
        format = x:z
        #datapoints = 31
        residuals are weighted equally (unit weight)

function used for fitting: f1(x)
fitted parameters initialized with current variable values



 Iteration 0
 WSSR        : 23829             delta(WSSR)/WSSR   : 0
 delta(WSSR) : 0                 limit for stopping : 1e-05
 lambda	  : 21.4709

initial set of free parameter values

a1              = 1
b1              = 1

After 5 iterations the fit converged.
final sum of squares of residuals : 40.5522
rel. change during last iteration : -3.34028e-11

degrees of freedom    (FIT_NDF)                        : 29
rms of residuals      (FIT_STDFIT) = sqrt(WSSR/ndf)    : 1.18252
variance of residuals (reduced chisquare) = WSSR/ndf   : 1.39835

Final set of parameters            Asymptotic Standard Error
=======================            ==========================

a1              = 0.485731         +/- 0.02375      (4.889%)
b1              = -11.403          +/- 0.7206       (6.32%)


correlation matrix of the fit parameters:

               a1     b1     
a1              1.000 
b1             -0.956  1.000 


*******************************************************************************
Tue Jul 10 10:41:35 2018


FIT:    data read from "links_log_B_13_44_.dat" using 1:3
        format = x:z
        #datapoints = 31
        residuals are weighted equally (unit weight)

function used for fitting: f2(x)
fitted parameters initialized with current variable values



 Iteration 0
 WSSR        : 23231.5           delta(WSSR)/WSSR   : 0
 delta(WSSR) : 0                 limit for stopping : 1e-05
 lambda	  : 21.4709

initial set of free parameter values

a2              = 1
b2              = 1

After 5 iterations the fit converged.
final sum of squares of residuals : 74.6424
rel. change during last iteration : -1.70319e-11

degrees of freedom    (FIT_NDF)                        : 29
rms of residuals      (FIT_STDFIT) = sqrt(WSSR/ndf)    : 1.60433
variance of residuals (reduced chisquare) = WSSR/ndf   : 2.57388

Final set of parameters            Asymptotic Standard Error
=======================            ==========================

a2              = 0.485363         +/- 0.03222      (6.637%)
b2              = -11.0163         +/- 0.9777       (8.875%)


correlation matrix of the fit parameters:

               a2     b2     
a2              1.000 
b2             -0.956  1.000 


*******************************************************************************
Tue Jul 10 10:41:35 2018


FIT:    data read from "links_log_RND_13_44_.dat" using 1:3
        format = x:z
        #datapoints = 32
        residuals are weighted equally (unit weight)

function used for fitting: f3(x)
fitted parameters initialized with current variable values



 Iteration 0
 WSSR        : 22787.1           delta(WSSR)/WSSR   : 0
 delta(WSSR) : 0                 limit for stopping : 1e-05
 lambda	  : 21.1955

initial set of free parameter values

a3              = 1
b3              = 1

After 5 iterations the fit converged.
final sum of squares of residuals : 48.7231
rel. change during last iteration : -1.89269e-11

degrees of freedom    (FIT_NDF)                        : 30
rms of residuals      (FIT_STDFIT) = sqrt(WSSR/ndf)    : 1.2744
variance of residuals (reduced chisquare) = WSSR/ndf   : 1.6241

Final set of parameters            Asymptotic Standard Error
=======================            ==========================

a3              = 0.554963         +/- 0.0244       (4.397%)
b3              = -12.6544         +/- 0.731        (5.776%)


correlation matrix of the fit parameters:

               a3     b3     
a3              1.000 
b3             -0.951  1.000 


*******************************************************************************
Tue Jul 10 10:42:11 2018


FIT:    data read from "links_log_A_13_45_.dat" using 1:3
        format = x:z
        #datapoints = 31
        residuals are weighted equally (unit weight)

function used for fitting: f1(x)
fitted parameters initialized with current variable values



 Iteration 0
 WSSR        : 23829             delta(WSSR)/WSSR   : 0
 delta(WSSR) : 0                 limit for stopping : 1e-05
 lambda	  : 21.4709

initial set of free parameter values

a1              = 1
b1              = 1

After 5 iterations the fit converged.
final sum of squares of residuals : 40.5522
rel. change during last iteration : -3.34028e-11

degrees of freedom    (FIT_NDF)                        : 29
rms of residuals      (FIT_STDFIT) = sqrt(WSSR/ndf)    : 1.18252
variance of residuals (reduced chisquare) = WSSR/ndf   : 1.39835

Final set of parameters            Asymptotic Standard Error
=======================            ==========================

a1              = 0.485731         +/- 0.02375      (4.889%)
b1              = -11.403          +/- 0.7206       (6.32%)


correlation matrix of the fit parameters:

               a1     b1     
a1              1.000 
b1             -0.956  1.000 


*******************************************************************************
Tue Jul 10 10:42:11 2018


FIT:    data read from "links_log_B_13_44_.dat" using 1:3
        format = x:z
        #datapoints = 31
        residuals are weighted equally (unit weight)

function used for fitting: f2(x)
fitted parameters initialized with current variable values



 Iteration 0
 WSSR        : 23231.5           delta(WSSR)/WSSR   : 0
 delta(WSSR) : 0                 limit for stopping : 1e-05
 lambda	  : 21.4709

initial set of free parameter values

a2              = 1
b2              = 1

After 5 iterations the fit converged.
final sum of squares of residuals : 74.6424
rel. change during last iteration : -1.70319e-11

degrees of freedom    (FIT_NDF)                        : 29
rms of residuals      (FIT_STDFIT) = sqrt(WSSR/ndf)    : 1.60433
variance of residuals (reduced chisquare) = WSSR/ndf   : 2.57388

Final set of parameters            Asymptotic Standard Error
=======================            ==========================

a2              = 0.485363         +/- 0.03222      (6.637%)
b2              = -11.0163         +/- 0.9777       (8.875%)


correlation matrix of the fit parameters:

               a2     b2     
a2              1.000 
b2             -0.956  1.000 


*******************************************************************************
Tue Jul 10 10:42:11 2018


FIT:    data read from "links_log_RND_13_44_.dat" using 1:3
        format = x:z
        #datapoints = 32
        residuals are weighted equally (unit weight)

function used for fitting: f3(x)
fitted parameters initialized with current variable values



 Iteration 0
 WSSR        : 22787.1           delta(WSSR)/WSSR   : 0
 delta(WSSR) : 0                 limit for stopping : 1e-05
 lambda	  : 21.1955

initial set of free parameter values

a3              = 1
b3              = 1

After 5 iterations the fit converged.
final sum of squares of residuals : 48.7231
rel. change during last iteration : -1.89269e-11

degrees of freedom    (FIT_NDF)                        : 30
rms of residuals      (FIT_STDFIT) = sqrt(WSSR/ndf)    : 1.2744
variance of residuals (reduced chisquare) = WSSR/ndf   : 1.6241

Final set of parameters            Asymptotic Standard Error
=======================            ==========================

a3              = 0.554963         +/- 0.0244       (4.397%)
b3              = -12.6544         +/- 0.731        (5.776%)


correlation matrix of the fit parameters:

               a3     b3     
a3              1.000 
b3             -0.951  1.000 
