

*******************************************************************************
Sun Jul  8 10:25:15 2018


FIT:    data read from "knots_log_B_13_44_.dat" every ::18::32 using 1:3
        format = x:z
        #datapoints = 14
        residuals are weighted equally (unit weight)

function used for fitting: f(x)
fitted parameters initialized with current variable values



 Iteration 0
 WSSR        : 13077.3           delta(WSSR)/WSSR   : 0
 delta(WSSR) : 0                 limit for stopping : 1e-05
 lambda	  : 26.6786

initial set of free parameter values

a               = 1
b               = 1

After 5 iterations the fit converged.
final sum of squares of residuals : 37.0025
rel. change during last iteration : -1.38328e-06

degrees of freedom    (FIT_NDF)                        : 12
rms of residuals      (FIT_STDFIT) = sqrt(WSSR/ndf)    : 1.756
variance of residuals (reduced chisquare) = WSSR/ndf   : 3.08355

Final set of parameters            Asymptotic Standard Error
=======================            ==========================

a               = 0.545301         +/- 0.1164       (21.35%)
b               = -12.4134         +/- 4.391        (35.37%)


correlation matrix of the fit parameters:

               a      b      
a               1.000 
b              -0.994  1.000 


*******************************************************************************
Sun Jul  8 10:28:13 2018


FIT:    data read from "knots_log_B_13_44_.dat" every ::18::32 using 1:3
        format = x:z
        #datapoints = 14
        residuals are weighted equally (unit weight)

function used for fitting: f(x)
fitted parameters initialized with current variable values



 Iteration 0
 WSSR        : 37.0025           delta(WSSR)/WSSR   : 0
 delta(WSSR) : 0                 limit for stopping : 1e-05
 lambda	  : 26.6786

initial set of free parameter values

a               = 0.545301
b               = -12.4134

After 1 iterations the fit converged.
final sum of squares of residuals : 37.0025
rel. change during last iteration : -5.76076e-16

degrees of freedom    (FIT_NDF)                        : 12
rms of residuals      (FIT_STDFIT) = sqrt(WSSR/ndf)    : 1.756
variance of residuals (reduced chisquare) = WSSR/ndf   : 3.08355

Final set of parameters            Asymptotic Standard Error
=======================            ==========================

a               = 0.545301         +/- 0.1164       (21.35%)
b               = -12.4134         +/- 4.391        (35.37%)


correlation matrix of the fit parameters:

               a      b      
a               1.000 
b              -0.994  1.000 


*******************************************************************************
Sun Jul  8 10:35:46 2018


FIT:    data read from "knots_log_B_13_44_.dat" every ::18::32 using 1:3
        format = x:z
        #datapoints = 14
        residuals are weighted equally (unit weight)

function used for fitting: f(x)
fitted parameters initialized with current variable values



 Iteration 0
 WSSR        : 37.0025           delta(WSSR)/WSSR   : 0
 delta(WSSR) : 0                 limit for stopping : 1e-05
 lambda	  : 26.6786

initial set of free parameter values

a               = 0.545301
b               = -12.4134

The maximum lambda = 1.000000e+20 was exceeded. Fit stopped.
final sum of squares of residuals : 37.0025
rel. change during last iteration : 0

degrees of freedom    (FIT_NDF)                        : 12
rms of residuals      (FIT_STDFIT) = sqrt(WSSR/ndf)    : 1.756
variance of residuals (reduced chisquare) = WSSR/ndf   : 3.08355

Final set of parameters            Asymptotic Standard Error
=======================            ==========================

a               = 0.545301         +/- 0.1164       (21.35%)
b               = -12.4134         +/- 4.391        (35.37%)


correlation matrix of the fit parameters:

               a      b      
a               1.000 
b              -0.994  1.000 


*******************************************************************************
Sun Jul  8 10:37:32 2018


FIT:    data read from "knots_log_B_13_44_.dat" every ::18::32 using 1:3
        format = x:z
        #datapoints = 14
        residuals are weighted equally (unit weight)

function used for fitting: f(x)
fitted parameters initialized with current variable values



 Iteration 0
 WSSR        : 37.0025           delta(WSSR)/WSSR   : 0
 delta(WSSR) : 0                 limit for stopping : 1e-05
 lambda	  : 26.6786

initial set of free parameter values

a               = 0.545301
b               = -12.4134

The maximum lambda = 1.000000e+20 was exceeded. Fit stopped.
final sum of squares of residuals : 37.0025
rel. change during last iteration : 0

degrees of freedom    (FIT_NDF)                        : 12
rms of residuals      (FIT_STDFIT) = sqrt(WSSR/ndf)    : 1.756
variance of residuals (reduced chisquare) = WSSR/ndf   : 3.08355

Final set of parameters            Asymptotic Standard Error
=======================            ==========================

a               = 0.545301         +/- 0.1164       (21.35%)
b               = -12.4134         +/- 4.391        (35.37%)


correlation matrix of the fit parameters:

               a      b      
a               1.000 
b              -0.994  1.000 


*******************************************************************************
Sun Jul  8 10:43:07 2018


FIT:    data read from "knots_log_B_13_44_.dat" every ::18::32 using 1:3
        format = x:z
        #datapoints = 14
        residuals are weighted equally (unit weight)

function used for fitting: f(x)
fitted parameters initialized with current variable values



 Iteration 0
 WSSR        : 37.0025           delta(WSSR)/WSSR   : 0
 delta(WSSR) : 0                 limit for stopping : 1e-05
 lambda	  : 26.6786

initial set of free parameter values

a               = 0.545301
b               = -12.4134

The maximum lambda = 1.000000e+20 was exceeded. Fit stopped.
final sum of squares of residuals : 37.0025
rel. change during last iteration : 0

degrees of freedom    (FIT_NDF)                        : 12
rms of residuals      (FIT_STDFIT) = sqrt(WSSR/ndf)    : 1.756
variance of residuals (reduced chisquare) = WSSR/ndf   : 3.08355

Final set of parameters            Asymptotic Standard Error
=======================            ==========================

a               = 0.545301         +/- 0.1164       (21.35%)
b               = -12.4134         +/- 4.391        (35.37%)


correlation matrix of the fit parameters:

               a      b      
a               1.000 
b              -0.994  1.000 


*******************************************************************************
Sun Jul  8 10:45:15 2018


FIT:    data read from "knots_log_B_13_44_.dat" every ::18::32 using 1:3
        format = x:z
        #datapoints = 14
        residuals are weighted equally (unit weight)

function used for fitting: f(x)
fitted parameters initialized with current variable values



 Iteration 0
 WSSR        : 37.0025           delta(WSSR)/WSSR   : 0
 delta(WSSR) : 0                 limit for stopping : 1e-05
 lambda	  : 26.6786

initial set of free parameter values

a               = 0.545301
b               = -12.4134

The maximum lambda = 1.000000e+20 was exceeded. Fit stopped.
final sum of squares of residuals : 37.0025
rel. change during last iteration : 0

degrees of freedom    (FIT_NDF)                        : 12
rms of residuals      (FIT_STDFIT) = sqrt(WSSR/ndf)    : 1.756
variance of residuals (reduced chisquare) = WSSR/ndf   : 3.08355

Final set of parameters            Asymptotic Standard Error
=======================            ==========================

a               = 0.545301         +/- 0.1164       (21.35%)
b               = -12.4134         +/- 4.391        (35.37%)


correlation matrix of the fit parameters:

               a      b      
a               1.000 
b              -0.994  1.000 


*******************************************************************************
Sun Jul  8 10:46:02 2018


FIT:    data read from "knots_log_B_13_44_.dat" every ::18::32 using 1:3
        format = x:z
        #datapoints = 14
        residuals are weighted equally (unit weight)

function used for fitting: f(x)
fitted parameters initialized with current variable values



 Iteration 0
 WSSR        : 37.0025           delta(WSSR)/WSSR   : 0
 delta(WSSR) : 0                 limit for stopping : 1e-05
 lambda	  : 26.6786

initial set of free parameter values

a               = 0.545301
b               = -12.4134

The maximum lambda = 1.000000e+20 was exceeded. Fit stopped.
final sum of squares of residuals : 37.0025
rel. change during last iteration : 0

degrees of freedom    (FIT_NDF)                        : 12
rms of residuals      (FIT_STDFIT) = sqrt(WSSR/ndf)    : 1.756
variance of residuals (reduced chisquare) = WSSR/ndf   : 3.08355

Final set of parameters            Asymptotic Standard Error
=======================            ==========================

a               = 0.545301         +/- 0.1164       (21.35%)
b               = -12.4134         +/- 4.391        (35.37%)


correlation matrix of the fit parameters:

               a      b      
a               1.000 
b              -0.994  1.000 


*******************************************************************************
Sun Jul  8 10:47:06 2018


FIT:    data read from "knots_log_B_13_44_.dat" every ::18::32 using 1:3
        format = x:z
        #datapoints = 14
        residuals are weighted equally (unit weight)

function used for fitting: f(x)
fitted parameters initialized with current variable values



 Iteration 0
 WSSR        : 37.0025           delta(WSSR)/WSSR   : 0
 delta(WSSR) : 0                 limit for stopping : 1e-05
 lambda	  : 26.6786

initial set of free parameter values

a               = 0.545301
b               = -12.4134

The maximum lambda = 1.000000e+20 was exceeded. Fit stopped.
final sum of squares of residuals : 37.0025
rel. change during last iteration : 0

degrees of freedom    (FIT_NDF)                        : 12
rms of residuals      (FIT_STDFIT) = sqrt(WSSR/ndf)    : 1.756
variance of residuals (reduced chisquare) = WSSR/ndf   : 3.08355

Final set of parameters            Asymptotic Standard Error
=======================            ==========================

a               = 0.545301         +/- 0.1164       (21.35%)
b               = -12.4134         +/- 4.391        (35.37%)


correlation matrix of the fit parameters:

               a      b      
a               1.000 
b              -0.994  1.000 


*******************************************************************************
Sun Jul  8 10:47:53 2018


FIT:    data read from "knots_log_B_13_44_.dat" every ::18::32 using 1:3
        format = x:z
        #datapoints = 14
        residuals are weighted equally (unit weight)

function used for fitting: f(x)
fitted parameters initialized with current variable values



 Iteration 0
 WSSR        : 37.0025           delta(WSSR)/WSSR   : 0
 delta(WSSR) : 0                 limit for stopping : 1e-05
 lambda	  : 26.6786

initial set of free parameter values

a               = 0.545301
b               = -12.4134

The maximum lambda = 1.000000e+20 was exceeded. Fit stopped.
final sum of squares of residuals : 37.0025
rel. change during last iteration : 0

degrees of freedom    (FIT_NDF)                        : 12
rms of residuals      (FIT_STDFIT) = sqrt(WSSR/ndf)    : 1.756
variance of residuals (reduced chisquare) = WSSR/ndf   : 3.08355

Final set of parameters            Asymptotic Standard Error
=======================            ==========================

a               = 0.545301         +/- 0.1164       (21.35%)
b               = -12.4134         +/- 4.391        (35.37%)


correlation matrix of the fit parameters:

               a      b      
a               1.000 
b              -0.994  1.000 


*******************************************************************************
Sun Jul  8 10:48:17 2018


FIT:    data read from "knots_log_B_13_44_.dat" every ::18::32 using 1:3
        format = x:z
        #datapoints = 14
        residuals are weighted equally (unit weight)

function used for fitting: f(x)
fitted parameters initialized with current variable values



 Iteration 0
 WSSR        : 37.0025           delta(WSSR)/WSSR   : 0
 delta(WSSR) : 0                 limit for stopping : 1e-05
 lambda	  : 26.6786

initial set of free parameter values

a               = 0.545301
b               = -12.4134

The maximum lambda = 1.000000e+20 was exceeded. Fit stopped.
final sum of squares of residuals : 37.0025
rel. change during last iteration : 0

degrees of freedom    (FIT_NDF)                        : 12
rms of residuals      (FIT_STDFIT) = sqrt(WSSR/ndf)    : 1.756
variance of residuals (reduced chisquare) = WSSR/ndf   : 3.08355

Final set of parameters            Asymptotic Standard Error
=======================            ==========================

a               = 0.545301         +/- 0.1164       (21.35%)
b               = -12.4134         +/- 4.391        (35.37%)


correlation matrix of the fit parameters:

               a      b      
a               1.000 
b              -0.994  1.000 


*******************************************************************************
Sun Jul  8 10:49:02 2018


FIT:    data read from "knots_log_B_13_44_.dat" every ::18::32 using 1:3
        format = x:z
        #datapoints = 14
        residuals are weighted equally (unit weight)

function used for fitting: f(x)
fitted parameters initialized with current variable values



 Iteration 0
 WSSR        : 37.0025           delta(WSSR)/WSSR   : 0
 delta(WSSR) : 0                 limit for stopping : 1e-05
 lambda	  : 26.6786

initial set of free parameter values

a               = 0.545301
b               = -12.4134

The maximum lambda = 1.000000e+20 was exceeded. Fit stopped.
final sum of squares of residuals : 37.0025
rel. change during last iteration : 0

degrees of freedom    (FIT_NDF)                        : 12
rms of residuals      (FIT_STDFIT) = sqrt(WSSR/ndf)    : 1.756
variance of residuals (reduced chisquare) = WSSR/ndf   : 3.08355

Final set of parameters            Asymptotic Standard Error
=======================            ==========================

a               = 0.545301         +/- 0.1164       (21.35%)
b               = -12.4134         +/- 4.391        (35.37%)


correlation matrix of the fit parameters:

               a      b      
a               1.000 
b              -0.994  1.000 


*******************************************************************************
Sun Jul  8 10:50:49 2018


FIT:    data read from "knots_log_B_13_44_.dat" every ::18::32 using 1:3
        format = x:z
        #datapoints = 14
        residuals are weighted equally (unit weight)

function used for fitting: f(x)
fitted parameters initialized with current variable values



 Iteration 0
 WSSR        : 37.0025           delta(WSSR)/WSSR   : 0
 delta(WSSR) : 0                 limit for stopping : 1e-05
 lambda	  : 26.6786

initial set of free parameter values

a               = 0.545301
b               = -12.4134

The maximum lambda = 1.000000e+20 was exceeded. Fit stopped.
final sum of squares of residuals : 37.0025
rel. change during last iteration : 0

degrees of freedom    (FIT_NDF)                        : 12
rms of residuals      (FIT_STDFIT) = sqrt(WSSR/ndf)    : 1.756
variance of residuals (reduced chisquare) = WSSR/ndf   : 3.08355

Final set of parameters            Asymptotic Standard Error
=======================            ==========================

a               = 0.545301         +/- 0.1164       (21.35%)
b               = -12.4134         +/- 4.391        (35.37%)


correlation matrix of the fit parameters:

               a      b      
a               1.000 
b              -0.994  1.000 


*******************************************************************************
Sun Jul  8 11:04:30 2018


FIT:    data read from "knots_log_B_13_44_.dat" every ::18::32 using 1:3
        format = x:z
        #datapoints = 14
        residuals are weighted equally (unit weight)

function used for fitting: f(x)
fitted parameters initialized with current variable values



 Iteration 0
 WSSR        : 37.0025           delta(WSSR)/WSSR   : 0
 delta(WSSR) : 0                 limit for stopping : 1e-05
 lambda	  : 26.6786

initial set of free parameter values

a               = 0.545301
b               = -12.4134

The maximum lambda = 1.000000e+20 was exceeded. Fit stopped.
final sum of squares of residuals : 37.0025
rel. change during last iteration : 0

degrees of freedom    (FIT_NDF)                        : 12
rms of residuals      (FIT_STDFIT) = sqrt(WSSR/ndf)    : 1.756
variance of residuals (reduced chisquare) = WSSR/ndf   : 3.08355

Final set of parameters            Asymptotic Standard Error
=======================            ==========================

a               = 0.545301         +/- 0.1164       (21.35%)
b               = -12.4134         +/- 4.391        (35.37%)


correlation matrix of the fit parameters:

               a      b      
a               1.000 
b              -0.994  1.000 


*******************************************************************************
Sun Jul  8 11:12:27 2018


FIT:    data read from "knots_log_B_13_44_.dat" every ::18::32 using 1:3
        format = x:z
        #datapoints = 14
        residuals are weighted equally (unit weight)

function used for fitting: f(x)
fitted parameters initialized with current variable values



 Iteration 0
 WSSR        : 13077.3           delta(WSSR)/WSSR   : 0
 delta(WSSR) : 0                 limit for stopping : 1e-05
 lambda	  : 26.6786

initial set of free parameter values

a1              = 1
b1              = 1

After 5 iterations the fit converged.
final sum of squares of residuals : 37.0025
rel. change during last iteration : -1.38328e-06

degrees of freedom    (FIT_NDF)                        : 12
rms of residuals      (FIT_STDFIT) = sqrt(WSSR/ndf)    : 1.756
variance of residuals (reduced chisquare) = WSSR/ndf   : 3.08355

Final set of parameters            Asymptotic Standard Error
=======================            ==========================

a1              = 0.545301         +/- 0.1164       (21.35%)
b1              = -12.4134         +/- 4.391        (35.37%)


correlation matrix of the fit parameters:

               a1     b1     
a1              1.000 
b1             -0.994  1.000 


*******************************************************************************
Sun Jul  8 11:14:42 2018


FIT:    data read from "knots_log_B_13_44_.dat" every ::18::32 using 1:3
        format = x:z
        #datapoints = 14
        residuals are weighted equally (unit weight)

function used for fitting: f(x)
fitted parameters initialized with current variable values



 Iteration 0
 WSSR        : 37.0025           delta(WSSR)/WSSR   : 0
 delta(WSSR) : 0                 limit for stopping : 1e-05
 lambda	  : 0

initial set of free parameter values

a1              = 1
b1              = 1
BREAK:          Singular matrix in Givens()



*******************************************************************************
Sun Jul  8 11:18:27 2018


FIT:    data read from "knots_log_A_13_44_.dat" every ::18::32 using 1:3
        format = x:z
        #datapoints = 14
        residuals are weighted equally (unit weight)

function used for fitting: f1(x)
fitted parameters initialized with current variable values



 Iteration 0
 WSSR        : 13723.6           delta(WSSR)/WSSR   : 0
 delta(WSSR) : 0                 limit for stopping : 1e-05
 lambda	  : 26.6786

initial set of free parameter values

a1              = 1
b1              = 1

After 5 iterations the fit converged.
final sum of squares of residuals : 10.0292
rel. change during last iteration : -4.15069e-06

degrees of freedom    (FIT_NDF)                        : 12
rms of residuals      (FIT_STDFIT) = sqrt(WSSR/ndf)    : 0.914201
variance of residuals (reduced chisquare) = WSSR/ndf   : 0.835763

Final set of parameters            Asymptotic Standard Error
=======================            ==========================

a1              = 0.489845         +/- 0.06061      (12.37%)
b1              = -11.0992         +/- 2.286        (20.6%)


correlation matrix of the fit parameters:

               a1     b1     
a1              1.000 
b1             -0.994  1.000 


*******************************************************************************
Sun Jul  8 11:18:27 2018


FIT:    data read from "knots_log_B_13_44_.dat" every ::18::32 using 1:3
        format = x:z
        #datapoints = 14
        residuals are weighted equally (unit weight)

function used for fitting: f2(x)
fitted parameters initialized with current variable values



 Iteration 0
 WSSR        : 13077.3           delta(WSSR)/WSSR   : 0
 delta(WSSR) : 0                 limit for stopping : 1e-05
 lambda	  : 26.6786

initial set of free parameter values

a2              = 1
b2              = 1

After 5 iterations the fit converged.
final sum of squares of residuals : 37.0025
rel. change during last iteration : -1.38328e-06

degrees of freedom    (FIT_NDF)                        : 12
rms of residuals      (FIT_STDFIT) = sqrt(WSSR/ndf)    : 1.756
variance of residuals (reduced chisquare) = WSSR/ndf   : 3.08355

Final set of parameters            Asymptotic Standard Error
=======================            ==========================

a2              = 0.545301         +/- 0.1164       (21.35%)
b2              = -12.4134         +/- 4.391        (35.37%)


correlation matrix of the fit parameters:

               a2     b2     
a2              1.000 
b2             -0.994  1.000 


*******************************************************************************
Sun Jul  8 11:18:27 2018


FIT:    data read from "knots_log_R_13_39_.dat" every ::18::27  using 1:3
        format = x:z
        #datapoints = 9
        residuals are weighted equally (unit weight)

function used for fitting: f3(x)
fitted parameters initialized with current variable values



*******************************************************************************
Sun Jul  8 11:18:38 2018


FIT:    data read from "knots_log_A_13_44_.dat" every ::18::32 using 1:3
        format = x:z
        #datapoints = 14
        residuals are weighted equally (unit weight)

function used for fitting: f1(x)
fitted parameters initialized with current variable values



 Iteration 0
 WSSR        : 13723.6           delta(WSSR)/WSSR   : 0
 delta(WSSR) : 0                 limit for stopping : 1e-05
 lambda	  : 26.6786

initial set of free parameter values

a1              = 1
b1              = 1

After 5 iterations the fit converged.
final sum of squares of residuals : 10.0292
rel. change during last iteration : -4.15069e-06

degrees of freedom    (FIT_NDF)                        : 12
rms of residuals      (FIT_STDFIT) = sqrt(WSSR/ndf)    : 0.914201
variance of residuals (reduced chisquare) = WSSR/ndf   : 0.835763

Final set of parameters            Asymptotic Standard Error
=======================            ==========================

a1              = 0.489845         +/- 0.06061      (12.37%)
b1              = -11.0992         +/- 2.286        (20.6%)


correlation matrix of the fit parameters:

               a1     b1     
a1              1.000 
b1             -0.994  1.000 


*******************************************************************************
Sun Jul  8 11:18:38 2018


FIT:    data read from "knots_log_B_13_44_.dat" every ::18::32 using 1:3
        format = x:z
        #datapoints = 14
        residuals are weighted equally (unit weight)

function used for fitting: f2(x)
fitted parameters initialized with current variable values



 Iteration 0
 WSSR        : 13077.3           delta(WSSR)/WSSR   : 0
 delta(WSSR) : 0                 limit for stopping : 1e-05
 lambda	  : 26.6786

initial set of free parameter values

a2              = 1
b2              = 1

After 5 iterations the fit converged.
final sum of squares of residuals : 37.0025
rel. change during last iteration : -1.38328e-06

degrees of freedom    (FIT_NDF)                        : 12
rms of residuals      (FIT_STDFIT) = sqrt(WSSR/ndf)    : 1.756
variance of residuals (reduced chisquare) = WSSR/ndf   : 3.08355

Final set of parameters            Asymptotic Standard Error
=======================            ==========================

a2              = 0.545301         +/- 0.1164       (21.35%)
b2              = -12.4134         +/- 4.391        (35.37%)


correlation matrix of the fit parameters:

               a2     b2     
a2              1.000 
b2             -0.994  1.000 


*******************************************************************************
Sun Jul  8 11:18:38 2018


FIT:    data read from "knots_log_R_13_39_.dat" every ::18::27  using 1:3
        format = x:z
        #datapoints = 9
        residuals are weighted equally (unit weight)

function used for fitting: f3(x)
fitted parameters initialized with current variable values



 Iteration 0
 WSSR        : 7394.66           delta(WSSR)/WSSR   : 0
 delta(WSSR) : 0                 limit for stopping : 1e-05
 lambda	  : 24.8261

initial set of free parameter values

a3              = 1
b3              = 1

After 6 iterations the fit converged.
final sum of squares of residuals : 15.0193
rel. change during last iteration : -2.18567e-13

degrees of freedom    (FIT_NDF)                        : 7
rms of residuals      (FIT_STDFIT) = sqrt(WSSR/ndf)    : 1.46479
variance of residuals (reduced chisquare) = WSSR/ndf   : 2.14561

Final set of parameters            Asymptotic Standard Error
=======================            ==========================

a3              = 0.450997         +/- 0.1891       (41.93%)
b3              = -8.38473         +/- 6.637        (79.15%)


correlation matrix of the fit parameters:

               a3     b3     
a3              1.000 
b3             -0.997  1.000 


*******************************************************************************
Sun Jul  8 11:19:03 2018


FIT:    data read from "knots_log_A_13_44_.dat" every ::18::32 using 1:3
        format = x:z
        #datapoints = 14
        residuals are weighted equally (unit weight)

function used for fitting: f1(x)
fitted parameters initialized with current variable values



 Iteration 0
 WSSR        : 13723.6           delta(WSSR)/WSSR   : 0
 delta(WSSR) : 0                 limit for stopping : 1e-05
 lambda	  : 26.6786

initial set of free parameter values

a1              = 1
b1              = 1

After 5 iterations the fit converged.
final sum of squares of residuals : 10.0292
rel. change during last iteration : -4.15069e-06

degrees of freedom    (FIT_NDF)                        : 12
rms of residuals      (FIT_STDFIT) = sqrt(WSSR/ndf)    : 0.914201
variance of residuals (reduced chisquare) = WSSR/ndf   : 0.835763

Final set of parameters            Asymptotic Standard Error
=======================            ==========================

a1              = 0.489845         +/- 0.06061      (12.37%)
b1              = -11.0992         +/- 2.286        (20.6%)


correlation matrix of the fit parameters:

               a1     b1     
a1              1.000 
b1             -0.994  1.000 


*******************************************************************************
Sun Jul  8 11:19:03 2018


FIT:    data read from "knots_log_B_13_44_.dat" every ::18::32 using 1:3
        format = x:z
        #datapoints = 14
        residuals are weighted equally (unit weight)

function used for fitting: f2(x)
fitted parameters initialized with current variable values



 Iteration 0
 WSSR        : 13077.3           delta(WSSR)/WSSR   : 0
 delta(WSSR) : 0                 limit for stopping : 1e-05
 lambda	  : 26.6786

initial set of free parameter values

a2              = 1
b2              = 1

After 5 iterations the fit converged.
final sum of squares of residuals : 37.0025
rel. change during last iteration : -1.38328e-06

degrees of freedom    (FIT_NDF)                        : 12
rms of residuals      (FIT_STDFIT) = sqrt(WSSR/ndf)    : 1.756
variance of residuals (reduced chisquare) = WSSR/ndf   : 3.08355

Final set of parameters            Asymptotic Standard Error
=======================            ==========================

a2              = 0.545301         +/- 0.1164       (21.35%)
b2              = -12.4134         +/- 4.391        (35.37%)


correlation matrix of the fit parameters:

               a2     b2     
a2              1.000 
b2             -0.994  1.000 


*******************************************************************************
Sun Jul  8 11:19:03 2018


FIT:    data read from "knots_log_R_13_39_.dat" every ::18::27  using 1:3
        format = x:z
        #datapoints = 9
        residuals are weighted equally (unit weight)

function used for fitting: f3(x)
fitted parameters initialized with current variable values



 Iteration 0
 WSSR        : 7394.66           delta(WSSR)/WSSR   : 0
 delta(WSSR) : 0                 limit for stopping : 1e-05
 lambda	  : 24.8261

initial set of free parameter values

a3              = 1
b3              = 1

After 6 iterations the fit converged.
final sum of squares of residuals : 15.0193
rel. change during last iteration : -2.18567e-13

degrees of freedom    (FIT_NDF)                        : 7
rms of residuals      (FIT_STDFIT) = sqrt(WSSR/ndf)    : 1.46479
variance of residuals (reduced chisquare) = WSSR/ndf   : 2.14561

Final set of parameters            Asymptotic Standard Error
=======================            ==========================

a3              = 0.450997         +/- 0.1891       (41.93%)
b3              = -8.38473         +/- 6.637        (79.15%)


correlation matrix of the fit parameters:

               a3     b3     
a3              1.000 
b3             -0.997  1.000 


*******************************************************************************
Sun Jul  8 11:19:33 2018


FIT:    data read from "knots_log_A_13_44_.dat" every ::18::32 using 1:3
        format = x:z
        #datapoints = 14
        residuals are weighted equally (unit weight)

function used for fitting: f1(x)
fitted parameters initialized with current variable values



 Iteration 0
 WSSR        : 13723.6           delta(WSSR)/WSSR   : 0
 delta(WSSR) : 0                 limit for stopping : 1e-05
 lambda	  : 26.6786

initial set of free parameter values

a1              = 1
b1              = 1

After 5 iterations the fit converged.
final sum of squares of residuals : 10.0292
rel. change during last iteration : -4.15069e-06

degrees of freedom    (FIT_NDF)                        : 12
rms of residuals      (FIT_STDFIT) = sqrt(WSSR/ndf)    : 0.914201
variance of residuals (reduced chisquare) = WSSR/ndf   : 0.835763

Final set of parameters            Asymptotic Standard Error
=======================            ==========================

a1              = 0.489845         +/- 0.06061      (12.37%)
b1              = -11.0992         +/- 2.286        (20.6%)


correlation matrix of the fit parameters:

               a1     b1     
a1              1.000 
b1             -0.994  1.000 


*******************************************************************************
Sun Jul  8 11:19:33 2018


FIT:    data read from "knots_log_B_13_44_.dat" every ::18::32 using 1:3
        format = x:z
        #datapoints = 14
        residuals are weighted equally (unit weight)

function used for fitting: f2(x)
fitted parameters initialized with current variable values



 Iteration 0
 WSSR        : 13077.3           delta(WSSR)/WSSR   : 0
 delta(WSSR) : 0                 limit for stopping : 1e-05
 lambda	  : 26.6786

initial set of free parameter values

a2              = 1
b2              = 1

After 5 iterations the fit converged.
final sum of squares of residuals : 37.0025
rel. change during last iteration : -1.38328e-06

degrees of freedom    (FIT_NDF)                        : 12
rms of residuals      (FIT_STDFIT) = sqrt(WSSR/ndf)    : 1.756
variance of residuals (reduced chisquare) = WSSR/ndf   : 3.08355

Final set of parameters            Asymptotic Standard Error
=======================            ==========================

a2              = 0.545301         +/- 0.1164       (21.35%)
b2              = -12.4134         +/- 4.391        (35.37%)


correlation matrix of the fit parameters:

               a2     b2     
a2              1.000 
b2             -0.994  1.000 


*******************************************************************************
Sun Jul  8 11:19:33 2018


FIT:    data read from "knots_log_R_13_39_.dat" every ::18::27  using 1:3
        format = x:z
        #datapoints = 9
        residuals are weighted equally (unit weight)

function used for fitting: f3(x)
fitted parameters initialized with current variable values



 Iteration 0
 WSSR        : 7394.66           delta(WSSR)/WSSR   : 0
 delta(WSSR) : 0                 limit for stopping : 1e-05
 lambda	  : 24.8261

initial set of free parameter values

a3              = 1
b3              = 1

After 6 iterations the fit converged.
final sum of squares of residuals : 15.0193
rel. change during last iteration : -2.18567e-13

degrees of freedom    (FIT_NDF)                        : 7
rms of residuals      (FIT_STDFIT) = sqrt(WSSR/ndf)    : 1.46479
variance of residuals (reduced chisquare) = WSSR/ndf   : 2.14561

Final set of parameters            Asymptotic Standard Error
=======================            ==========================

a3              = 0.450997         +/- 0.1891       (41.93%)
b3              = -8.38473         +/- 6.637        (79.15%)


correlation matrix of the fit parameters:

               a3     b3     
a3              1.000 
b3             -0.997  1.000 


*******************************************************************************
Sun Jul  8 11:39:36 2018


FIT:    data read from "knots_log_A_13_44_.dat" every ::18::32 using 1:3
        format = x:z
        #datapoints = 14
        residuals are weighted equally (unit weight)

function used for fitting: f1(x)
fitted parameters initialized with current variable values



 Iteration 0
 WSSR        : 13723.6           delta(WSSR)/WSSR   : 0
 delta(WSSR) : 0                 limit for stopping : 1e-05
 lambda	  : 26.6786

initial set of free parameter values

a1              = 1
b1              = 1

After 5 iterations the fit converged.
final sum of squares of residuals : 10.0292
rel. change during last iteration : -4.15069e-06

degrees of freedom    (FIT_NDF)                        : 12
rms of residuals      (FIT_STDFIT) = sqrt(WSSR/ndf)    : 0.914201
variance of residuals (reduced chisquare) = WSSR/ndf   : 0.835763

Final set of parameters            Asymptotic Standard Error
=======================            ==========================

a1              = 0.489845         +/- 0.06061      (12.37%)
b1              = -11.0992         +/- 2.286        (20.6%)


correlation matrix of the fit parameters:

               a1     b1     
a1              1.000 
b1             -0.994  1.000 


*******************************************************************************
Sun Jul  8 11:39:36 2018


FIT:    data read from "knots_log_B_13_44_.dat" every ::18::32 using 1:3
        format = x:z
        #datapoints = 14
        residuals are weighted equally (unit weight)

function used for fitting: f2(x)
fitted parameters initialized with current variable values



 Iteration 0
 WSSR        : 13077.3           delta(WSSR)/WSSR   : 0
 delta(WSSR) : 0                 limit for stopping : 1e-05
 lambda	  : 26.6786

initial set of free parameter values

a2              = 1
b2              = 1

After 5 iterations the fit converged.
final sum of squares of residuals : 37.0025
rel. change during last iteration : -1.38328e-06

degrees of freedom    (FIT_NDF)                        : 12
rms of residuals      (FIT_STDFIT) = sqrt(WSSR/ndf)    : 1.756
variance of residuals (reduced chisquare) = WSSR/ndf   : 3.08355

Final set of parameters            Asymptotic Standard Error
=======================            ==========================

a2              = 0.545301         +/- 0.1164       (21.35%)
b2              = -12.4134         +/- 4.391        (35.37%)


correlation matrix of the fit parameters:

               a2     b2     
a2              1.000 
b2             -0.994  1.000 


*******************************************************************************
Sun Jul  8 11:39:36 2018


FIT:    data read from "knots_log_R_13_39_.dat" every ::18::27  using 1:3
        format = x:z
        #datapoints = 9
        residuals are weighted equally (unit weight)

function used for fitting: f3(x)
fitted parameters initialized with current variable values



 Iteration 0
 WSSR        : 7394.66           delta(WSSR)/WSSR   : 0
 delta(WSSR) : 0                 limit for stopping : 1e-05
 lambda	  : 24.8261

initial set of free parameter values

a3              = 1
b3              = 1

After 6 iterations the fit converged.
final sum of squares of residuals : 15.0193
rel. change during last iteration : -2.18567e-13

degrees of freedom    (FIT_NDF)                        : 7
rms of residuals      (FIT_STDFIT) = sqrt(WSSR/ndf)    : 1.46479
variance of residuals (reduced chisquare) = WSSR/ndf   : 2.14561

Final set of parameters            Asymptotic Standard Error
=======================            ==========================

a3              = 0.450997         +/- 0.1891       (41.93%)
b3              = -8.38473         +/- 6.637        (79.15%)


correlation matrix of the fit parameters:

               a3     b3     
a3              1.000 
b3             -0.997  1.000 


*******************************************************************************
Sun Jul  8 11:40:15 2018


FIT:    data read from "knots_log_A_13_44_.dat" every ::18::32 using 1:3
        format = x:z
        #datapoints = 14
        residuals are weighted equally (unit weight)

function used for fitting: f1(x)
fitted parameters initialized with current variable values



 Iteration 0
 WSSR        : 13723.6           delta(WSSR)/WSSR   : 0
 delta(WSSR) : 0                 limit for stopping : 1e-05
 lambda	  : 26.6786

initial set of free parameter values

a1              = 1
b1              = 1

After 5 iterations the fit converged.
final sum of squares of residuals : 10.0292
rel. change during last iteration : -4.15069e-06

degrees of freedom    (FIT_NDF)                        : 12
rms of residuals      (FIT_STDFIT) = sqrt(WSSR/ndf)    : 0.914201
variance of residuals (reduced chisquare) = WSSR/ndf   : 0.835763

Final set of parameters            Asymptotic Standard Error
=======================            ==========================

a1              = 0.489845         +/- 0.06061      (12.37%)
b1              = -11.0992         +/- 2.286        (20.6%)


correlation matrix of the fit parameters:

               a1     b1     
a1              1.000 
b1             -0.994  1.000 


*******************************************************************************
Sun Jul  8 11:40:15 2018


FIT:    data read from "knots_log_B_13_44_.dat" every ::18::32 using 1:3
        format = x:z
        #datapoints = 14
        residuals are weighted equally (unit weight)

function used for fitting: f2(x)
fitted parameters initialized with current variable values



 Iteration 0
 WSSR        : 13077.3           delta(WSSR)/WSSR   : 0
 delta(WSSR) : 0                 limit for stopping : 1e-05
 lambda	  : 26.6786

initial set of free parameter values

a2              = 1
b2              = 1

After 5 iterations the fit converged.
final sum of squares of residuals : 37.0025
rel. change during last iteration : -1.38328e-06

degrees of freedom    (FIT_NDF)                        : 12
rms of residuals      (FIT_STDFIT) = sqrt(WSSR/ndf)    : 1.756
variance of residuals (reduced chisquare) = WSSR/ndf   : 3.08355

Final set of parameters            Asymptotic Standard Error
=======================            ==========================

a2              = 0.545301         +/- 0.1164       (21.35%)
b2              = -12.4134         +/- 4.391        (35.37%)


correlation matrix of the fit parameters:

               a2     b2     
a2              1.000 
b2             -0.994  1.000 


*******************************************************************************
Sun Jul  8 11:40:15 2018


FIT:    data read from "knots_log_R_13_39_.dat" every ::18::27  using 1:3
        format = x:z
        #datapoints = 9
        residuals are weighted equally (unit weight)

function used for fitting: f3(x)
fitted parameters initialized with current variable values



 Iteration 0
 WSSR        : 7394.66           delta(WSSR)/WSSR   : 0
 delta(WSSR) : 0                 limit for stopping : 1e-05
 lambda	  : 24.8261

initial set of free parameter values

a3              = 1
b3              = 1

After 6 iterations the fit converged.
final sum of squares of residuals : 15.0193
rel. change during last iteration : -2.18567e-13

degrees of freedom    (FIT_NDF)                        : 7
rms of residuals      (FIT_STDFIT) = sqrt(WSSR/ndf)    : 1.46479
variance of residuals (reduced chisquare) = WSSR/ndf   : 2.14561

Final set of parameters            Asymptotic Standard Error
=======================            ==========================

a3              = 0.450997         +/- 0.1891       (41.93%)
b3              = -8.38473         +/- 6.637        (79.15%)


correlation matrix of the fit parameters:

               a3     b3     
a3              1.000 
b3             -0.997  1.000 


*******************************************************************************
Sun Jul  8 15:46:06 2018


FIT:    data read from "knots_log_A_13_44_.dat" every ::18::32 using 1:3
        format = x:z
        #datapoints = 14
        residuals are weighted equally (unit weight)

function used for fitting: f1(x)
fitted parameters initialized with current variable values



 Iteration 0
 WSSR        : 13723.6           delta(WSSR)/WSSR   : 0
 delta(WSSR) : 0                 limit for stopping : 1e-05
 lambda	  : 26.6786

initial set of free parameter values

a1              = 1
b1              = 1

After 5 iterations the fit converged.
final sum of squares of residuals : 10.0292
rel. change during last iteration : -4.15069e-06

degrees of freedom    (FIT_NDF)                        : 12
rms of residuals      (FIT_STDFIT) = sqrt(WSSR/ndf)    : 0.914201
variance of residuals (reduced chisquare) = WSSR/ndf   : 0.835763

Final set of parameters            Asymptotic Standard Error
=======================            ==========================

a1              = 0.489845         +/- 0.06061      (12.37%)
b1              = -11.0992         +/- 2.286        (20.6%)


correlation matrix of the fit parameters:

               a1     b1     
a1              1.000 
b1             -0.994  1.000 


*******************************************************************************
Sun Jul  8 15:46:06 2018


FIT:    data read from "knots_log_B_13_44_.dat" every ::18::32 using 1:3
        format = x:z
        #datapoints = 14
        residuals are weighted equally (unit weight)

function used for fitting: f2(x)
fitted parameters initialized with current variable values



 Iteration 0
 WSSR        : 13077.3           delta(WSSR)/WSSR   : 0
 delta(WSSR) : 0                 limit for stopping : 1e-05
 lambda	  : 26.6786

initial set of free parameter values

a2              = 1
b2              = 1

After 5 iterations the fit converged.
final sum of squares of residuals : 37.0025
rel. change during last iteration : -1.38328e-06

degrees of freedom    (FIT_NDF)                        : 12
rms of residuals      (FIT_STDFIT) = sqrt(WSSR/ndf)    : 1.756
variance of residuals (reduced chisquare) = WSSR/ndf   : 3.08355

Final set of parameters            Asymptotic Standard Error
=======================            ==========================

a2              = 0.545301         +/- 0.1164       (21.35%)
b2              = -12.4134         +/- 4.391        (35.37%)


correlation matrix of the fit parameters:

               a2     b2     
a2              1.000 
b2             -0.994  1.000 


*******************************************************************************
Sun Jul  8 15:46:06 2018


FIT:    data read from "knots_log_R_13_39_.dat" every ::18::27  using 1:3
        format = x:z
        #datapoints = 9
        residuals are weighted equally (unit weight)

function used for fitting: f3(x)
fitted parameters initialized with current variable values



 Iteration 0
 WSSR        : 7394.66           delta(WSSR)/WSSR   : 0
 delta(WSSR) : 0                 limit for stopping : 1e-05
 lambda	  : 24.8261

initial set of free parameter values

a3              = 1
b3              = 1

After 6 iterations the fit converged.
final sum of squares of residuals : 15.0193
rel. change during last iteration : -2.18567e-13

degrees of freedom    (FIT_NDF)                        : 7
rms of residuals      (FIT_STDFIT) = sqrt(WSSR/ndf)    : 1.46479
variance of residuals (reduced chisquare) = WSSR/ndf   : 2.14561

Final set of parameters            Asymptotic Standard Error
=======================            ==========================

a3              = 0.450997         +/- 0.1891       (41.93%)
b3              = -8.38473         +/- 6.637        (79.15%)


correlation matrix of the fit parameters:

               a3     b3     
a3              1.000 
b3             -0.997  1.000 


*******************************************************************************
Sun Jul  8 15:47:36 2018


FIT:    data read from "knots_log_A_13_44_.dat" every ::18::32 using 1:3
        format = x:z
        #datapoints = 14
        residuals are weighted equally (unit weight)

function used for fitting: f1(x)
fitted parameters initialized with current variable values



 Iteration 0
 WSSR        : 13723.6           delta(WSSR)/WSSR   : 0
 delta(WSSR) : 0                 limit for stopping : 1e-05
 lambda	  : 26.6786

initial set of free parameter values

a1              = 1
b1              = 1

After 5 iterations the fit converged.
final sum of squares of residuals : 10.0292
rel. change during last iteration : -4.15069e-06

degrees of freedom    (FIT_NDF)                        : 12
rms of residuals      (FIT_STDFIT) = sqrt(WSSR/ndf)    : 0.914201
variance of residuals (reduced chisquare) = WSSR/ndf   : 0.835763

Final set of parameters            Asymptotic Standard Error
=======================            ==========================

a1              = 0.489845         +/- 0.06061      (12.37%)
b1              = -11.0992         +/- 2.286        (20.6%)


correlation matrix of the fit parameters:

               a1     b1     
a1              1.000 
b1             -0.994  1.000 


*******************************************************************************
Sun Jul  8 15:47:36 2018


FIT:    data read from "knots_log_B_13_44_.dat" every ::18::32 using 1:3
        format = x:z
        #datapoints = 14
        residuals are weighted equally (unit weight)

function used for fitting: f2(x)
fitted parameters initialized with current variable values



 Iteration 0
 WSSR        : 13077.3           delta(WSSR)/WSSR   : 0
 delta(WSSR) : 0                 limit for stopping : 1e-05
 lambda	  : 26.6786

initial set of free parameter values

a2              = 1
b2              = 1

After 5 iterations the fit converged.
final sum of squares of residuals : 37.0025
rel. change during last iteration : -1.38328e-06

degrees of freedom    (FIT_NDF)                        : 12
rms of residuals      (FIT_STDFIT) = sqrt(WSSR/ndf)    : 1.756
variance of residuals (reduced chisquare) = WSSR/ndf   : 3.08355

Final set of parameters            Asymptotic Standard Error
=======================            ==========================

a2              = 0.545301         +/- 0.1164       (21.35%)
b2              = -12.4134         +/- 4.391        (35.37%)


correlation matrix of the fit parameters:

               a2     b2     
a2              1.000 
b2             -0.994  1.000 


*******************************************************************************
Sun Jul  8 15:47:36 2018


FIT:    data read from "knots_log_R_13_39_.dat" every ::18::27  using 1:3
        format = x:z
        #datapoints = 9
        residuals are weighted equally (unit weight)

function used for fitting: f3(x)
fitted parameters initialized with current variable values



 Iteration 0
 WSSR        : 7394.66           delta(WSSR)/WSSR   : 0
 delta(WSSR) : 0                 limit for stopping : 1e-05
 lambda	  : 24.8261

initial set of free parameter values

a3              = 1
b3              = 1

After 6 iterations the fit converged.
final sum of squares of residuals : 15.0193
rel. change during last iteration : -2.18567e-13

degrees of freedom    (FIT_NDF)                        : 7
rms of residuals      (FIT_STDFIT) = sqrt(WSSR/ndf)    : 1.46479
variance of residuals (reduced chisquare) = WSSR/ndf   : 2.14561

Final set of parameters            Asymptotic Standard Error
=======================            ==========================

a3              = 0.450997         +/- 0.1891       (41.93%)
b3              = -8.38473         +/- 6.637        (79.15%)


correlation matrix of the fit parameters:

               a3     b3     
a3              1.000 
b3             -0.997  1.000 


*******************************************************************************
Sun Jul  8 16:08:02 2018


FIT:    data read from "knots_log_A_13_44_.dat" every ::18::32 using 1:3
        format = x:z
        #datapoints = 14
        residuals are weighted equally (unit weight)

function used for fitting: f1(x)
fitted parameters initialized with current variable values



 Iteration 0
 WSSR        : 13723.6           delta(WSSR)/WSSR   : 0
 delta(WSSR) : 0                 limit for stopping : 1e-05
 lambda	  : 26.6786

initial set of free parameter values

a1              = 1
b1              = 1

After 5 iterations the fit converged.
final sum of squares of residuals : 10.0292
rel. change during last iteration : -4.15069e-06

degrees of freedom    (FIT_NDF)                        : 12
rms of residuals      (FIT_STDFIT) = sqrt(WSSR/ndf)    : 0.914201
variance of residuals (reduced chisquare) = WSSR/ndf   : 0.835763

Final set of parameters            Asymptotic Standard Error
=======================            ==========================

a1              = 0.489845         +/- 0.06061      (12.37%)
b1              = -11.0992         +/- 2.286        (20.6%)


correlation matrix of the fit parameters:

               a1     b1     
a1              1.000 
b1             -0.994  1.000 


*******************************************************************************
Sun Jul  8 16:08:02 2018


FIT:    data read from "knots_log_B_13_44_.dat" every ::18::32 using 1:3
        format = x:z
        #datapoints = 14
        residuals are weighted equally (unit weight)

function used for fitting: f2(x)
fitted parameters initialized with current variable values



 Iteration 0
 WSSR        : 13077.3           delta(WSSR)/WSSR   : 0
 delta(WSSR) : 0                 limit for stopping : 1e-05
 lambda	  : 26.6786

initial set of free parameter values

a2              = 1
b2              = 1

After 5 iterations the fit converged.
final sum of squares of residuals : 37.0025
rel. change during last iteration : -1.38328e-06

degrees of freedom    (FIT_NDF)                        : 12
rms of residuals      (FIT_STDFIT) = sqrt(WSSR/ndf)    : 1.756
variance of residuals (reduced chisquare) = WSSR/ndf   : 3.08355

Final set of parameters            Asymptotic Standard Error
=======================            ==========================

a2              = 0.545301         +/- 0.1164       (21.35%)
b2              = -12.4134         +/- 4.391        (35.37%)


correlation matrix of the fit parameters:

               a2     b2     
a2              1.000 
b2             -0.994  1.000 


*******************************************************************************
Sun Jul  8 16:08:02 2018


FIT:    data read from "knots_log_R_13_39_.dat" every ::18::27  using 1:3
        format = x:z
        #datapoints = 9
        residuals are weighted equally (unit weight)

function used for fitting: f3(x)
fitted parameters initialized with current variable values



 Iteration 0
 WSSR        : 7394.66           delta(WSSR)/WSSR   : 0
 delta(WSSR) : 0                 limit for stopping : 1e-05
 lambda	  : 24.8261

initial set of free parameter values

a3              = 1
b3              = 1

After 6 iterations the fit converged.
final sum of squares of residuals : 15.0193
rel. change during last iteration : -2.18567e-13

degrees of freedom    (FIT_NDF)                        : 7
rms of residuals      (FIT_STDFIT) = sqrt(WSSR/ndf)    : 1.46479
variance of residuals (reduced chisquare) = WSSR/ndf   : 2.14561

Final set of parameters            Asymptotic Standard Error
=======================            ==========================

a3              = 0.450997         +/- 0.1891       (41.93%)
b3              = -8.38473         +/- 6.637        (79.15%)


correlation matrix of the fit parameters:

               a3     b3     
a3              1.000 
b3             -0.997  1.000 


*******************************************************************************
Sun Jul  8 19:33:12 2018


FIT:    data read from "knots_log_A_13_44_.dat" every ::18::32 using 1:3
        format = x:z
        #datapoints = 14
        residuals are weighted equally (unit weight)

function used for fitting: f1(x)
fitted parameters initialized with current variable values



 Iteration 0
 WSSR        : 13723.6           delta(WSSR)/WSSR   : 0
 delta(WSSR) : 0                 limit for stopping : 1e-05
 lambda	  : 26.6786

initial set of free parameter values

a1              = 1
b1              = 1

After 5 iterations the fit converged.
final sum of squares of residuals : 10.0292
rel. change during last iteration : -4.15069e-06

degrees of freedom    (FIT_NDF)                        : 12
rms of residuals      (FIT_STDFIT) = sqrt(WSSR/ndf)    : 0.914201
variance of residuals (reduced chisquare) = WSSR/ndf   : 0.835763

Final set of parameters            Asymptotic Standard Error
=======================            ==========================

a1              = 0.489845         +/- 0.06061      (12.37%)
b1              = -11.0992         +/- 2.286        (20.6%)


correlation matrix of the fit parameters:

               a1     b1     
a1              1.000 
b1             -0.994  1.000 


*******************************************************************************
Sun Jul  8 19:33:12 2018


FIT:    data read from "knots_log_B_13_44_.dat" every ::18::32 using 1:3
        format = x:z
        #datapoints = 14
        residuals are weighted equally (unit weight)

function used for fitting: f2(x)
fitted parameters initialized with current variable values



 Iteration 0
 WSSR        : 13077.3           delta(WSSR)/WSSR   : 0
 delta(WSSR) : 0                 limit for stopping : 1e-05
 lambda	  : 26.6786

initial set of free parameter values

a2              = 1
b2              = 1

After 5 iterations the fit converged.
final sum of squares of residuals : 37.0025
rel. change during last iteration : -1.38328e-06

degrees of freedom    (FIT_NDF)                        : 12
rms of residuals      (FIT_STDFIT) = sqrt(WSSR/ndf)    : 1.756
variance of residuals (reduced chisquare) = WSSR/ndf   : 3.08355

Final set of parameters            Asymptotic Standard Error
=======================            ==========================

a2              = 0.545301         +/- 0.1164       (21.35%)
b2              = -12.4134         +/- 4.391        (35.37%)


correlation matrix of the fit parameters:

               a2     b2     
a2              1.000 
b2             -0.994  1.000 


*******************************************************************************
Sun Jul  8 19:33:12 2018


FIT:    data read from "knots_log_R_13_42_.dat" every ::18::27  using 1:3
        format = x:z
        #datapoints = 10
        residuals are weighted equally (unit weight)

function used for fitting: f3(x)
fitted parameters initialized with current variable values



 Iteration 0
 WSSR        : 8439.98           delta(WSSR)/WSSR   : 0
 delta(WSSR) : 0                 limit for stopping : 1e-05
 lambda	  : 25.1942

initial set of free parameter values

a3              = 1
b3              = 1

After 5 iterations the fit converged.
final sum of squares of residuals : 15.6563
rel. change during last iteration : -5.29961e-06

degrees of freedom    (FIT_NDF)                        : 8
rms of residuals      (FIT_STDFIT) = sqrt(WSSR/ndf)    : 1.39894
variance of residuals (reduced chisquare) = WSSR/ndf   : 1.95704

Final set of parameters            Asymptotic Standard Error
=======================            ==========================

a3              = 0.397186         +/- 0.154        (38.78%)
b3              = -6.5731          +/- 5.486        (83.45%)


correlation matrix of the fit parameters:

               a3     b3     
a3              1.000 
b3             -0.997  1.000 


*******************************************************************************
Sun Jul  8 19:33:35 2018


FIT:    data read from "knots_log_A_13_44_.dat" every ::18::32 using 1:3
        format = x:z
        #datapoints = 14
        residuals are weighted equally (unit weight)

function used for fitting: f1(x)
fitted parameters initialized with current variable values



 Iteration 0
 WSSR        : 13723.6           delta(WSSR)/WSSR   : 0
 delta(WSSR) : 0                 limit for stopping : 1e-05
 lambda	  : 26.6786

initial set of free parameter values

a1              = 1
b1              = 1

After 5 iterations the fit converged.
final sum of squares of residuals : 10.0292
rel. change during last iteration : -4.15069e-06

degrees of freedom    (FIT_NDF)                        : 12
rms of residuals      (FIT_STDFIT) = sqrt(WSSR/ndf)    : 0.914201
variance of residuals (reduced chisquare) = WSSR/ndf   : 0.835763

Final set of parameters            Asymptotic Standard Error
=======================            ==========================

a1              = 0.489845         +/- 0.06061      (12.37%)
b1              = -11.0992         +/- 2.286        (20.6%)


correlation matrix of the fit parameters:

               a1     b1     
a1              1.000 
b1             -0.994  1.000 


*******************************************************************************
Sun Jul  8 19:33:35 2018


FIT:    data read from "knots_log_B_13_44_.dat" every ::18::32 using 1:3
        format = x:z
        #datapoints = 14
        residuals are weighted equally (unit weight)

function used for fitting: f2(x)
fitted parameters initialized with current variable values



 Iteration 0
 WSSR        : 13077.3           delta(WSSR)/WSSR   : 0
 delta(WSSR) : 0                 limit for stopping : 1e-05
 lambda	  : 26.6786

initial set of free parameter values

a2              = 1
b2              = 1

After 5 iterations the fit converged.
final sum of squares of residuals : 37.0025
rel. change during last iteration : -1.38328e-06

degrees of freedom    (FIT_NDF)                        : 12
rms of residuals      (FIT_STDFIT) = sqrt(WSSR/ndf)    : 1.756
variance of residuals (reduced chisquare) = WSSR/ndf   : 3.08355

Final set of parameters            Asymptotic Standard Error
=======================            ==========================

a2              = 0.545301         +/- 0.1164       (21.35%)
b2              = -12.4134         +/- 4.391        (35.37%)


correlation matrix of the fit parameters:

               a2     b2     
a2              1.000 
b2             -0.994  1.000 


*******************************************************************************
Sun Jul  8 19:33:35 2018


FIT:    data read from "knots_log_R_13_42_.dat" every ::18::27  using 1:3
        format = x:z
        #datapoints = 10
        residuals are weighted equally (unit weight)

function used for fitting: f3(x)
fitted parameters initialized with current variable values



 Iteration 0
 WSSR        : 8439.98           delta(WSSR)/WSSR   : 0
 delta(WSSR) : 0                 limit for stopping : 1e-05
 lambda	  : 25.1942

initial set of free parameter values

a3              = 1
b3              = 1

After 5 iterations the fit converged.
final sum of squares of residuals : 15.6563
rel. change during last iteration : -5.29961e-06

degrees of freedom    (FIT_NDF)                        : 8
rms of residuals      (FIT_STDFIT) = sqrt(WSSR/ndf)    : 1.39894
variance of residuals (reduced chisquare) = WSSR/ndf   : 1.95704

Final set of parameters            Asymptotic Standard Error
=======================            ==========================

a3              = 0.397186         +/- 0.154        (38.78%)
b3              = -6.5731          +/- 5.486        (83.45%)


correlation matrix of the fit parameters:

               a3     b3     
a3              1.000 
b3             -0.997  1.000 
